{"E:\\repos\\hearth\\src\\App.tsx": {"path":"E:\\repos\\hearth\\src\\App.tsx","statementMap":{"0":{"start":{"line":2,"column":0},"end":{"line":2,"column":74}},"1":{"start":{"line":3,"column":0},"end":{"line":3,"column":50}},"2":{"start":{"line":4,"column":0},"end":{"line":4,"column":53}},"3":{"start":{"line":5,"column":0},"end":{"line":5,"column":55}},"4":{"start":{"line":6,"column":0},"end":{"line":6,"column":53}},"5":{"start":{"line":7,"column":0},"end":{"line":7,"column":57}},"6":{"start":{"line":8,"column":0},"end":{"line":8,"column":44}},"7":{"start":{"line":9,"column":0},"end":{"line":9,"column":59}},"8":{"start":{"line":10,"column":0},"end":{"line":10,"column":63}},"9":{"start":{"line":11,"column":0},"end":{"line":11,"column":57}},"10":{"start":{"line":12,"column":0},"end":{"line":12,"column":71}},"11":{"start":{"line":13,"column":0},"end":{"line":13,"column":51}},"12":{"start":{"line":14,"column":0},"end":{"line":14,"column":34}},"13":{"start":{"line":17,"column":17},"end":{"line":17,"column":55}},"14":{"start":{"line":17,"column":27},"end":{"line":17,"column":54}},"15":{"start":{"line":18,"column":24},"end":{"line":18,"column":69}},"16":{"start":{"line":18,"column":34},"end":{"line":18,"column":68}},"17":{"start":{"line":19,"column":23},"end":{"line":19,"column":67}},"18":{"start":{"line":19,"column":33},"end":{"line":19,"column":66}},"19":{"start":{"line":20,"column":28},"end":{"line":20,"column":77}},"20":{"start":{"line":20,"column":38},"end":{"line":20,"column":76}},"21":{"start":{"line":21,"column":18},"end":{"line":21,"column":57}},"22":{"start":{"line":21,"column":28},"end":{"line":21,"column":56}},"23":{"start":{"line":22,"column":23},"end":{"line":22,"column":67}},"24":{"start":{"line":22,"column":33},"end":{"line":22,"column":66}},"25":{"start":{"line":25,"column":19},"end":{"line":30,"column":null}},"26":{"start":{"line":26,"column":2},"end":{"line":29,"column":null}},"27":{"start":{"line":34,"column":25},"end":{"line":34,"column":40}},"28":{"start":{"line":37,"column":2},"end":{"line":49,"column":19}},"29":{"start":{"line":38,"column":23},"end":{"line":46,"column":5}},"30":{"start":{"line":39,"column":6},"end":{"line":45,"column":7}},"31":{"start":{"line":40,"column":8},"end":{"line":40,"column":71}},"32":{"start":{"line":41,"column":8},"end":{"line":41,"column":61}},"33":{"start":{"line":43,"column":8},"end":{"line":43,"column":72}},"34":{"start":{"line":44,"column":8},"end":{"line":44,"column":64}},"35":{"start":{"line":48,"column":4},"end":{"line":48,"column":27}},"36":{"start":{"line":51,"column":2},"end":{"line":106,"column":4}},"37":{"start":{"line":109,"column":0},"end":{"line":109,"column":19}}},"fnMap":{"0":{"name":"(anonymous_10)","decl":{"start":{"line":17,"column":22},"end":{"line":17,"column":25}},"loc":{"start":{"line":17,"column":27},"end":{"line":17,"column":54}}},"1":{"name":"(anonymous_11)","decl":{"start":{"line":17,"column":27},"end":{"line":17,"column":35}},"loc":{"start":{"line":17,"column":27},"end":{"line":17,"column":54}}},"2":{"name":"(anonymous_12)","decl":{"start":{"line":18,"column":29},"end":{"line":18,"column":32}},"loc":{"start":{"line":18,"column":34},"end":{"line":18,"column":68}}},"3":{"name":"(anonymous_13)","decl":{"start":{"line":18,"column":34},"end":{"line":18,"column":42}},"loc":{"start":{"line":18,"column":34},"end":{"line":18,"column":68}}},"4":{"name":"(anonymous_14)","decl":{"start":{"line":19,"column":28},"end":{"line":19,"column":31}},"loc":{"start":{"line":19,"column":33},"end":{"line":19,"column":66}}},"5":{"name":"(anonymous_15)","decl":{"start":{"line":19,"column":33},"end":{"line":19,"column":41}},"loc":{"start":{"line":19,"column":33},"end":{"line":19,"column":66}}},"6":{"name":"(anonymous_16)","decl":{"start":{"line":20,"column":33},"end":{"line":20,"column":36}},"loc":{"start":{"line":20,"column":38},"end":{"line":20,"column":76}}},"7":{"name":"(anonymous_17)","decl":{"start":{"line":20,"column":38},"end":{"line":20,"column":46}},"loc":{"start":{"line":20,"column":38},"end":{"line":20,"column":76}}},"8":{"name":"(anonymous_18)","decl":{"start":{"line":21,"column":23},"end":{"line":21,"column":26}},"loc":{"start":{"line":21,"column":28},"end":{"line":21,"column":56}}},"9":{"name":"(anonymous_19)","decl":{"start":{"line":21,"column":28},"end":{"line":21,"column":36}},"loc":{"start":{"line":21,"column":28},"end":{"line":21,"column":56}}},"10":{"name":"(anonymous_20)","decl":{"start":{"line":22,"column":28},"end":{"line":22,"column":31}},"loc":{"start":{"line":22,"column":33},"end":{"line":22,"column":66}}},"11":{"name":"(anonymous_21)","decl":{"start":{"line":22,"column":33},"end":{"line":22,"column":41}},"loc":{"start":{"line":22,"column":33},"end":{"line":22,"column":66}}},"12":{"name":"(anonymous_22)","decl":{"start":{"line":25,"column":19},"end":{"line":25,"column":22}},"loc":{"start":{"line":26,"column":2},"end":{"line":29,"column":null}}},"13":{"name":"App","decl":{"start":{"line":33,"column":9},"end":{"line":33,"column":12}},"loc":{"start":{"line":33,"column":12},"end":{"line":107,"column":1}}},"14":{"name":"(anonymous_24)","decl":{"start":{"line":37,"column":12},"end":{"line":37,"column":15}},"loc":{"start":{"line":37,"column":17},"end":{"line":49,"column":3}}},"15":{"name":"(anonymous_25)","decl":{"start":{"line":38,"column":23},"end":{"line":38,"column":24}},"loc":{"start":{"line":38,"column":43},"end":{"line":46,"column":5}}}},"branchMap":{"0":{"loc":{"start":{"line":39,"column":6},"end":{"line":45,"column":7}},"type":"if","locations":[{"start":{"line":39,"column":6},"end":{"line":45,"column":7}},{"start":{"line":42,"column":13},"end":{"line":45,"column":7}}]}},"s":{"0":0,"1":0,"2":0,"3":0,"4":0,"5":0,"6":0,"7":0,"8":0,"9":0,"10":0,"11":0,"12":0,"13":0,"14":0,"15":0,"16":0,"17":0,"18":0,"19":0,"20":0,"21":0,"22":0,"23":0,"24":0,"25":0,"26":0,"27":0,"28":0,"29":0,"30":0,"31":0,"32":0,"33":0,"34":0,"35":0,"36":0,"37":0},"f":{"0":0,"1":0,"2":0,"3":0,"4":0,"5":0,"6":0,"7":0,"8":0,"9":0,"10":0,"11":0,"12":0,"13":0,"14":0,"15":0},"b":{"0":[0,0]}}
,"E:\\repos\\hearth\\src\\components\\AuthProvider.tsx": {"path":"E:\\repos\\hearth\\src\\components\\AuthProvider.tsx","statementMap":{"0":{"start":{"line":1,"column":0},"end":{"line":1,"column":34}},"1":{"start":{"line":2,"column":0},"end":{"line":2,"column":50}},"2":{"start":{"line":3,"column":0},"end":{"line":3,"column":55}},"3":{"start":{"line":9,"column":21},"end":{"line":22,"column":1}},"4":{"start":{"line":10,"column":34},"end":{"line":10,"column":48}},"5":{"start":{"line":12,"column":2},"end":{"line":19,"column":28}},"6":{"start":{"line":13,"column":24},"end":{"line":16,"column":6}},"7":{"start":{"line":14,"column":6},"end":{"line":14,"column":20}},"8":{"start":{"line":15,"column":6},"end":{"line":15,"column":24}},"9":{"start":{"line":18,"column":4},"end":{"line":18,"column":31}},"10":{"start":{"line":18,"column":17},"end":{"line":18,"column":30}},"11":{"start":{"line":21,"column":2},"end":{"line":21,"column":25}},"12":{"start":{"line":24,"column":0},"end":{"line":24,"column":28}}},"fnMap":{"0":{"name":"(anonymous_0)","decl":{"start":{"line":9,"column":21},"end":{"line":9,"column":22}},"loc":{"start":{"line":9,"column":57},"end":{"line":22,"column":1}}},"1":{"name":"(anonymous_1)","decl":{"start":{"line":12,"column":12},"end":{"line":12,"column":15}},"loc":{"start":{"line":12,"column":17},"end":{"line":19,"column":3}}},"2":{"name":"(anonymous_2)","decl":{"start":{"line":13,"column":37},"end":{"line":13,"column":38}},"loc":{"start":{"line":13,"column":46},"end":{"line":16,"column":5}}},"3":{"name":"(anonymous_3)","decl":{"start":{"line":18,"column":11},"end":{"line":18,"column":14}},"loc":{"start":{"line":18,"column":17},"end":{"line":18,"column":30}}}},"branchMap":{},"s":{"0":0,"1":0,"2":0,"3":0,"4":0,"5":0,"6":0,"7":0,"8":0,"9":0,"10":0,"11":0,"12":0},"f":{"0":0,"1":0,"2":0,"3":0},"b":{}}
,"E:\\repos\\hearth\\src\\components\\CategorySelector.tsx": {"path":"E:\\repos\\hearth\\src\\components\\CategorySelector.tsx","statementMap":{"0":{"start":{"line":1,"column":0},"end":{"line":1,"column":44}},"1":{"start":{"line":2,"column":0},"end":{"line":2,"column":64}},"2":{"start":{"line":3,"column":0},"end":{"line":3,"column":50}},"3":{"start":{"line":4,"column":0},"end":{"line":4,"column":130}},"4":{"start":{"line":5,"column":0},"end":{"line":5,"column":56}},"5":{"start":{"line":14,"column":25},"end":{"line":237,"column":1}},"6":{"start":{"line":15,"column":38},"end":{"line":15,"column":62}},"7":{"start":{"line":16,"column":48},"end":{"line":16,"column":63}},"8":{"start":{"line":17,"column":52},"end":{"line":17,"column":67}},"9":{"start":{"line":18,"column":48},"end":{"line":18,"column":60}},"10":{"start":{"line":19,"column":50},"end":{"line":19,"column":70}},"11":{"start":{"line":20,"column":32},"end":{"line":20,"column":47}},"12":{"start":{"line":22,"column":19},"end":{"line":22,"column":33}},"13":{"start":{"line":23,"column":37},"end":{"line":23,"column":55}},"14":{"start":{"line":25,"column":2},"end":{"line":29,"column":13}},"15":{"start":{"line":26,"column":4},"end":{"line":28,"column":5}},"16":{"start":{"line":27,"column":6},"end":{"line":27,"column":23}},"17":{"start":{"line":31,"column":25},"end":{"line":40,"column":3}},"18":{"start":{"line":32,"column":4},"end":{"line":32,"column":22}},"19":{"start":{"line":32,"column":15},"end":{"line":32,"column":22}},"20":{"start":{"line":34,"column":4},"end":{"line":39,"column":5}},"21":{"start":{"line":35,"column":29},"end":{"line":35,"column":62}},"22":{"start":{"line":36,"column":6},"end":{"line":36,"column":36}},"23":{"start":{"line":38,"column":6},"end":{"line":38,"column":54}},"24":{"start":{"line":42,"column":31},"end":{"line":67,"column":3}},"25":{"start":{"line":43,"column":4},"end":{"line":43,"column":23}},"26":{"start":{"line":44,"column":4},"end":{"line":44,"column":49}},"27":{"start":{"line":44,"column":42},"end":{"line":44,"column":49}},"28":{"start":{"line":46,"column":4},"end":{"line":46,"column":21}},"29":{"start":{"line":48,"column":4},"end":{"line":66,"column":5}},"30":{"start":{"line":49,"column":26},"end":{"line":52,"column":8}},"31":{"start":{"line":54,"column":6},"end":{"line":54,"column":52}},"32":{"start":{"line":54,"column":28},"end":{"line":54,"column":50}},"33":{"start":{"line":55,"column":6},"end":{"line":55,"column":39}},"34":{"start":{"line":57,"column":6},"end":{"line":57,"column":84}},"35":{"start":{"line":59,"column":6},"end":{"line":59,"column":29}},"36":{"start":{"line":60,"column":6},"end":{"line":60,"column":30}},"37":{"start":{"line":61,"column":6},"end":{"line":61,"column":32}},"38":{"start":{"line":63,"column":6},"end":{"line":63,"column":73}},"39":{"start":{"line":65,"column":6},"end":{"line":65,"column":24}},"40":{"start":{"line":69,"column":35},"end":{"line":89,"column":3}},"41":{"start":{"line":70,"column":4},"end":{"line":70,"column":22}},"42":{"start":{"line":70,"column":15},"end":{"line":70,"column":22}},"43":{"start":{"line":72,"column":4},"end":{"line":72,"column":21}},"44":{"start":{"line":74,"column":4},"end":{"line":88,"column":5}},"45":{"start":{"line":75,"column":32},"end":{"line":75,"column":90}},"46":{"start":{"line":76,"column":6},"end":{"line":76,"column":61}},"47":{"start":{"line":76,"column":28},"end":{"line":76,"column":59}},"48":{"start":{"line":78,"column":6},"end":{"line":81,"column":8}},"49":{"start":{"line":83,"column":6},"end":{"line":83,"column":34}},"50":{"start":{"line":85,"column":6},"end":{"line":85,"column":89}},"51":{"start":{"line":87,"column":6},"end":{"line":87,"column":24}},"52":{"start":{"line":91,"column":26},"end":{"line":91,"column":91}},"53":{"start":{"line":91,"column":50},"end":{"line":91,"column":91}},"54":{"start":{"line":91,"column":71},"end":{"line":91,"column":90}},"55":{"start":{"line":92,"column":27},"end":{"line":92,"column":90}},"56":{"start":{"line":94,"column":2},"end":{"line":236,"column":4}},"57":{"start":{"line":101,"column":27},"end":{"line":101,"column":72}},"58":{"start":{"line":106,"column":12},"end":{"line":106,"column":38}},"59":{"start":{"line":118,"column":44},"end":{"line":118,"column":68}},"60":{"start":{"line":122,"column":44},"end":{"line":122,"column":70}},"61":{"start":{"line":137,"column":50},"end":{"line":137,"column":75}},"62":{"start":{"line":149,"column":33},"end":{"line":149,"column":67}},"63":{"start":{"line":158,"column":33},"end":{"line":158,"column":68}},"64":{"start":{"line":162,"column":18},"end":{"line":162,"column":44}},"65":{"start":{"line":186,"column":55},"end":{"line":186,"column":80}},"66":{"start":{"line":197,"column":52},"end":{"line":197,"column":79}},"67":{"start":{"line":208,"column":14},"end":{"line":209,"column":null}},"68":{"start":{"line":211,"column":31},"end":{"line":211,"column":70}},"69":{"start":{"line":230,"column":53},"end":{"line":230,"column":80}},"70":{"start":{"line":239,"column":0},"end":{"line":239,"column":32}}},"fnMap":{"0":{"name":"(anonymous_0)","decl":{"start":{"line":14,"column":25},"end":{"line":14,"column":26}},"loc":{"start":{"line":14,"column":103},"end":{"line":237,"column":1}}},"1":{"name":"(anonymous_1)","decl":{"start":{"line":25,"column":12},"end":{"line":25,"column":15}},"loc":{"start":{"line":25,"column":17},"end":{"line":29,"column":3}}},"2":{"name":"(anonymous_2)","decl":{"start":{"line":31,"column":25},"end":{"line":31,"column":30}},"loc":{"start":{"line":31,"column":36},"end":{"line":40,"column":3}}},"3":{"name":"(anonymous_3)","decl":{"start":{"line":42,"column":31},"end":{"line":42,"column":36}},"loc":{"start":{"line":42,"column":60},"end":{"line":67,"column":3}}},"4":{"name":"(anonymous_4)","decl":{"start":{"line":54,"column":20},"end":{"line":54,"column":24}},"loc":{"start":{"line":54,"column":28},"end":{"line":54,"column":50}}},"5":{"name":"(anonymous_5)","decl":{"start":{"line":69,"column":35},"end":{"line":69,"column":40}},"loc":{"start":{"line":69,"column":66},"end":{"line":89,"column":3}}},"6":{"name":"(anonymous_6)","decl":{"start":{"line":76,"column":20},"end":{"line":76,"column":24}},"loc":{"start":{"line":76,"column":28},"end":{"line":76,"column":59}}},"7":{"name":"(anonymous_7)","decl":{"start":{"line":91,"column":26},"end":{"line":91,"column":27}},"loc":{"start":{"line":91,"column":50},"end":{"line":91,"column":91}}},"8":{"name":"(anonymous_8)","decl":{"start":{"line":91,"column":66},"end":{"line":91,"column":67}},"loc":{"start":{"line":91,"column":71},"end":{"line":91,"column":90}}},"9":{"name":"(anonymous_9)","decl":{"start":{"line":101,"column":20},"end":{"line":101,"column":21}},"loc":{"start":{"line":101,"column":27},"end":{"line":101,"column":72}}},"10":{"name":"(anonymous_10)","decl":{"start":{"line":105,"column":26},"end":{"line":105,"column":34}},"loc":{"start":{"line":106,"column":12},"end":{"line":106,"column":38}}},"11":{"name":"(anonymous_11)","decl":{"start":{"line":118,"column":38},"end":{"line":118,"column":41}},"loc":{"start":{"line":118,"column":44},"end":{"line":118,"column":68}}},"12":{"name":"(anonymous_12)","decl":{"start":{"line":122,"column":38},"end":{"line":122,"column":41}},"loc":{"start":{"line":122,"column":44},"end":{"line":122,"column":70}}},"13":{"name":"(anonymous_13)","decl":{"start":{"line":137,"column":44},"end":{"line":137,"column":47}},"loc":{"start":{"line":137,"column":50},"end":{"line":137,"column":75}}},"14":{"name":"(anonymous_14)","decl":{"start":{"line":149,"column":26},"end":{"line":149,"column":27}},"loc":{"start":{"line":149,"column":33},"end":{"line":149,"column":67}}},"15":{"name":"(anonymous_15)","decl":{"start":{"line":158,"column":26},"end":{"line":158,"column":27}},"loc":{"start":{"line":158,"column":33},"end":{"line":158,"column":68}}},"16":{"name":"(anonymous_16)","decl":{"start":{"line":161,"column":32},"end":{"line":161,"column":40}},"loc":{"start":{"line":162,"column":18},"end":{"line":162,"column":44}}},"17":{"name":"(anonymous_17)","decl":{"start":{"line":186,"column":49},"end":{"line":186,"column":52}},"loc":{"start":{"line":186,"column":55},"end":{"line":186,"column":80}}},"18":{"name":"(anonymous_18)","decl":{"start":{"line":197,"column":46},"end":{"line":197,"column":49}},"loc":{"start":{"line":197,"column":52},"end":{"line":197,"column":79}}},"19":{"name":"(anonymous_19)","decl":{"start":{"line":207,"column":36},"end":{"line":207,"column":44}},"loc":{"start":{"line":208,"column":14},"end":{"line":209,"column":null}}},"20":{"name":"(anonymous_20)","decl":{"start":{"line":211,"column":25},"end":{"line":211,"column":28}},"loc":{"start":{"line":211,"column":31},"end":{"line":211,"column":70}}},"21":{"name":"(anonymous_21)","decl":{"start":{"line":230,"column":47},"end":{"line":230,"column":50}},"loc":{"start":{"line":230,"column":53},"end":{"line":230,"column":80}}}},"branchMap":{"0":{"loc":{"start":{"line":26,"column":4},"end":{"line":28,"column":5}},"type":"if","locations":[{"start":{"line":26,"column":4},"end":{"line":28,"column":5}},{"start":{},"end":{}}]},"1":{"loc":{"start":{"line":32,"column":4},"end":{"line":32,"column":22}},"type":"if","locations":[{"start":{"line":32,"column":4},"end":{"line":32,"column":22}},{"start":{},"end":{}}]},"2":{"loc":{"start":{"line":44,"column":4},"end":{"line":44,"column":49}},"type":"if","locations":[{"start":{"line":44,"column":4},"end":{"line":44,"column":49}},{"start":{},"end":{}}]},"3":{"loc":{"start":{"line":44,"column":8},"end":{"line":44,"column":40}},"type":"binary-expr","locations":[{"start":{"line":44,"column":8},"end":{"line":44,"column":13}},{"start":{"line":44,"column":17},"end":{"line":44,"column":40}}]},"4":{"loc":{"start":{"line":51,"column":18},"end":{"line":51,"column":47}},"type":"binary-expr","locations":[{"start":{"line":51,"column":18},"end":{"line":51,"column":34}},{"start":{"line":51,"column":38},"end":{"line":51,"column":47}}]},"5":{"loc":{"start":{"line":70,"column":4},"end":{"line":70,"column":22}},"type":"if","locations":[{"start":{"line":70,"column":4},"end":{"line":70,"column":22}},{"start":{},"end":{}}]},"6":{"loc":{"start":{"line":92,"column":27},"end":{"line":92,"column":90}},"type":"cond-expr","locations":[{"start":{"line":92,"column":48},"end":{"line":92,"column":83}},{"start":{"line":92,"column":86},"end":{"line":92,"column":90}}]},"7":{"loc":{"start":{"line":100,"column":17},"end":{"line":100,"column":41}},"type":"binary-expr","locations":[{"start":{"line":100,"column":17},"end":{"line":100,"column":35}},{"start":{"line":100,"column":39},"end":{"line":100,"column":41}}]},"8":{"loc":{"start":{"line":101,"column":44},"end":{"line":101,"column":71}},"type":"binary-expr","locations":[{"start":{"line":101,"column":44},"end":{"line":101,"column":58}},{"start":{"line":101,"column":62},"end":{"line":101,"column":71}}]},"9":{"loc":{"start":{"line":112,"column":9},"end":{"line":126,"column":null}},"type":"binary-expr","locations":[{"start":{"line":112,"column":9},"end":{"line":112,"column":18}},{"start":{"line":113,"column":10},"end":{"line":125,"column":null}}]},"10":{"loc":{"start":{"line":130,"column":7},"end":{"line":133,"column":null}},"type":"binary-expr","locations":[{"start":{"line":130,"column":7},"end":{"line":130,"column":23}},{"start":{"line":131,"column":8},"end":{"line":132,"column":null}}]},"11":{"loc":{"start":{"line":173,"column":13},"end":{"line":182,"column":null}},"type":"binary-expr","locations":[{"start":{"line":173,"column":13},"end":{"line":173,"column":28}},{"start":{"line":174,"column":14},"end":{"line":181,"column":null}}]},"12":{"loc":{"start":{"line":177,"column":19},"end":{"line":179,"column":37}},"type":"cond-expr","locations":[{"start":{"line":178,"column":22},"end":{"line":178,"column":87}},{"start":{"line":179,"column":22},"end":{"line":179,"column":37}}]},"13":{"loc":{"start":{"line":189,"column":62},"end":{"line":189,"column":96}},"type":"binary-expr","locations":[{"start":{"line":189,"column":62},"end":{"line":189,"column":69}},{"start":{"line":189,"column":73},"end":{"line":189,"column":96}}]},"14":{"loc":{"start":{"line":190,"column":15},"end":{"line":190,"column":58}},"type":"cond-expr","locations":[{"start":{"line":190,"column":25},"end":{"line":190,"column":38}},{"start":{"line":190,"column":41},"end":{"line":190,"column":58}}]}},"s":{"0":0,"1":0,"2":0,"3":0,"4":0,"5":0,"6":0,"7":0,"8":0,"9":0,"10":0,"11":0,"12":0,"13":0,"14":0,"15":0,"16":0,"17":0,"18":0,"19":0,"20":0,"21":0,"22":0,"23":0,"24":0,"25":0,"26":0,"27":0,"28":0,"29":0,"30":0,"31":0,"32":0,"33":0,"34":0,"35":0,"36":0,"37":0,"38":0,"39":0,"40":0,"41":0,"42":0,"43":0,"44":0,"45":0,"46":0,"47":0,"48":0,"49":0,"50":0,"51":0,"52":0,"53":0,"54":0,"55":0,"56":0,"57":0,"58":0,"59":0,"60":0,"61":0,"62":0,"63":0,"64":0,"65":0,"66":0,"67":0,"68":0,"69":0,"70":0},"f":{"0":0,"1":0,"2":0,"3":0,"4":0,"5":0,"6":0,"7":0,"8":0,"9":0,"10":0,"11":0,"12":0,"13":0,"14":0,"15":0,"16":0,"17":0,"18":0,"19":0,"20":0,"21":0},"b":{"0":[0,0],"1":[0,0],"2":[0,0],"3":[0,0],"4":[0,0],"5":[0,0],"6":[0,0],"7":[0,0],"8":[0,0],"9":[0,0],"10":[0,0],"11":[0,0],"12":[0,0],"13":[0,0],"14":[0,0]}}
,"E:\\repos\\hearth\\src\\components\\DemoModeIndicator.tsx": {"path":"E:\\repos\\hearth\\src\\components\\DemoModeIndicator.tsx","statementMap":{"0":{"start":{"line":1,"column":0},"end":{"line":1,"column":51}},"1":{"start":{"line":2,"column":0},"end":{"line":2,"column":58}},"2":{"start":{"line":4,"column":26},"end":{"line":27,"column":1}},"3":{"start":{"line":5,"column":2},"end":{"line":7,"column":3}},"4":{"start":{"line":6,"column":4},"end":{"line":6,"column":16}},"5":{"start":{"line":9,"column":2},"end":{"line":26,"column":4}},"6":{"start":{"line":29,"column":0},"end":{"line":29,"column":33}}},"fnMap":{"0":{"name":"(anonymous_0)","decl":{"start":{"line":4,"column":26},"end":{"line":4,"column":29}},"loc":{"start":{"line":4,"column":31},"end":{"line":27,"column":1}}}},"branchMap":{"0":{"loc":{"start":{"line":5,"column":2},"end":{"line":7,"column":3}},"type":"if","locations":[{"start":{"line":5,"column":2},"end":{"line":7,"column":3}},{"start":{},"end":{}}]}},"s":{"0":0,"1":0,"2":0,"3":0,"4":0,"5":0,"6":0},"f":{"0":0},"b":{"0":[0,0]}}
,"E:\\repos\\hearth\\src\\components\\ImageUpload.tsx": {"path":"E:\\repos\\hearth\\src\\components\\ImageUpload.tsx","statementMap":{"0":{"start":{"line":1,"column":0},"end":{"line":1,"column":33}},"1":{"start":{"line":2,"column":0},"end":{"line":2,"column":59}},"2":{"start":{"line":3,"column":0},"end":{"line":3,"column":57}},"3":{"start":{"line":11,"column":20},"end":{"line":101,"column":1}},"4":{"start":{"line":12,"column":32},"end":{"line":12,"column":77}},"5":{"start":{"line":13,"column":36},"end":{"line":13,"column":56}},"6":{"start":{"line":14,"column":56},"end":{"line":14,"column":75}},"7":{"start":{"line":15,"column":44},"end":{"line":15,"column":59}},"8":{"start":{"line":17,"column":27},"end":{"line":54,"column":3}},"9":{"start":{"line":18,"column":17},"end":{"line":18,"column":36}},"10":{"start":{"line":19,"column":4},"end":{"line":19,"column":22}},"11":{"start":{"line":19,"column":15},"end":{"line":19,"column":22}},"12":{"start":{"line":21,"column":4},"end":{"line":53,"column":5}},"13":{"start":{"line":22,"column":6},"end":{"line":22,"column":29}},"14":{"start":{"line":23,"column":6},"end":{"line":23,"column":33}},"15":{"start":{"line":26,"column":25},"end":{"line":26,"column":55}},"16":{"start":{"line":27,"column":6},"end":{"line":27,"column":33}},"17":{"start":{"line":30,"column":25},"end":{"line":30,"column":50}},"18":{"start":{"line":31,"column":6},"end":{"line":31,"column":29}},"19":{"start":{"line":32,"column":6},"end":{"line":32,"column":33}},"20":{"start":{"line":35,"column":23},"end":{"line":35,"column":59}},"21":{"start":{"line":36,"column":6},"end":{"line":36,"column":80}},"22":{"start":{"line":37,"column":6},"end":{"line":37,"column":34}},"23":{"start":{"line":40,"column":6},"end":{"line":40,"column":26}},"24":{"start":{"line":43,"column":6},"end":{"line":46,"column":14}},"25":{"start":{"line":44,"column":8},"end":{"line":44,"column":32}},"26":{"start":{"line":45,"column":8},"end":{"line":45,"column":34}},"27":{"start":{"line":49,"column":6},"end":{"line":49,"column":54}},"28":{"start":{"line":50,"column":6},"end":{"line":50,"column":45}},"29":{"start":{"line":51,"column":6},"end":{"line":51,"column":30}},"30":{"start":{"line":52,"column":6},"end":{"line":52,"column":32}},"31":{"start":{"line":56,"column":2},"end":{"line":100,"column":4}},"32":{"start":{"line":103,"column":0},"end":{"line":103,"column":27}}},"fnMap":{"0":{"name":"(anonymous_0)","decl":{"start":{"line":11,"column":20},"end":{"line":11,"column":21}},"loc":{"start":{"line":11,"column":84},"end":{"line":101,"column":1}}},"1":{"name":"(anonymous_1)","decl":{"start":{"line":17,"column":27},"end":{"line":17,"column":32}},"loc":{"start":{"line":17,"column":76},"end":{"line":54,"column":3}}},"2":{"name":"(anonymous_2)","decl":{"start":{"line":43,"column":17},"end":{"line":43,"column":20}},"loc":{"start":{"line":43,"column":22},"end":{"line":46,"column":7}}}},"branchMap":{"0":{"loc":{"start":{"line":12,"column":56},"end":{"line":12,"column":76}},"type":"binary-expr","locations":[{"start":{"line":12,"column":56},"end":{"line":12,"column":68}},{"start":{"line":12,"column":72},"end":{"line":12,"column":76}}]},"1":{"loc":{"start":{"line":19,"column":4},"end":{"line":19,"column":22}},"type":"if","locations":[{"start":{"line":19,"column":4},"end":{"line":19,"column":22}},{"start":{},"end":{}}]},"2":{"loc":{"start":{"line":64,"column":20},"end":{"line":64,"column":45}},"type":"binary-expr","locations":[{"start":{"line":64,"column":20},"end":{"line":64,"column":28}},{"start":{"line":64,"column":32},"end":{"line":64,"column":45}}]},"3":{"loc":{"start":{"line":71,"column":7},"end":{"line":75,"column":null}},"type":"binary-expr","locations":[{"start":{"line":71,"column":7},"end":{"line":71,"column":20}},{"start":{"line":72,"column":8},"end":{"line":74,"column":null}}]},"4":{"loc":{"start":{"line":78,"column":7},"end":{"line":81,"column":null}},"type":"binary-expr","locations":[{"start":{"line":78,"column":7},"end":{"line":78,"column":16}},{"start":{"line":78,"column":20},"end":{"line":78,"column":34}},{"start":{"line":79,"column":8},"end":{"line":80,"column":null}}]},"5":{"loc":{"start":{"line":84,"column":7},"end":{"line":97,"column":null}},"type":"binary-expr","locations":[{"start":{"line":84,"column":7},"end":{"line":84,"column":14}},{"start":{"line":85,"column":8},"end":{"line":96,"column":null}}]}},"s":{"0":0,"1":0,"2":0,"3":0,"4":0,"5":0,"6":0,"7":0,"8":0,"9":0,"10":0,"11":0,"12":0,"13":0,"14":0,"15":0,"16":0,"17":0,"18":0,"19":0,"20":0,"21":0,"22":0,"23":0,"24":0,"25":0,"26":0,"27":0,"28":0,"29":0,"30":0,"31":0,"32":0},"f":{"0":0,"1":0,"2":0},"b":{"0":[0,0],"1":[0,0],"2":[0,0],"3":[0,0],"4":[0,0,0],"5":[0,0]}}
,"E:\\repos\\hearth\\src\\components\\InventoryStats.tsx": {"path":"E:\\repos\\hearth\\src\\components\\InventoryStats.tsx","statementMap":{"0":{"start":{"line":1,"column":0},"end":{"line":1,"column":44}},"1":{"start":{"line":2,"column":0},"end":{"line":2,"column":54}},"2":{"start":{"line":3,"column":0},"end":{"line":3,"column":50}},"3":{"start":{"line":4,"column":0},"end":{"line":4,"column":55}},"4":{"start":{"line":5,"column":0},"end":{"line":5,"column":65}},"5":{"start":{"line":6,"column":0},"end":{"line":6,"column":53}},"6":{"start":{"line":9,"column":23},"end":{"line":93,"column":1}},"7":{"start":{"line":10,"column":28},"end":{"line":15,"column":4}},"8":{"start":{"line":16,"column":32},"end":{"line":16,"column":46}},"9":{"start":{"line":18,"column":19},"end":{"line":18,"column":33}},"10":{"start":{"line":20,"column":2},"end":{"line":24,"column":13}},"11":{"start":{"line":21,"column":4},"end":{"line":23,"column":5}},"12":{"start":{"line":22,"column":6},"end":{"line":22,"column":18}},"13":{"start":{"line":26,"column":20},"end":{"line":57,"column":3}},"14":{"start":{"line":27,"column":4},"end":{"line":27,"column":22}},"15":{"start":{"line":27,"column":15},"end":{"line":27,"column":22}},"16":{"start":{"line":29,"column":4},"end":{"line":56,"column":5}},"17":{"start":{"line":30,"column":6},"end":{"line":30,"column":23}},"18":{"start":{"line":33,"column":40},"end":{"line":37,"column":8}},"19":{"start":{"line":40,"column":25},"end":{"line":43,"column":11}},"20":{"start":{"line":41,"column":26},"end":{"line":41,"column":70}},"21":{"start":{"line":42,"column":8},"end":{"line":42,"column":31}},"22":{"start":{"line":45,"column":6},"end":{"line":50,"column":9}},"23":{"start":{"line":52,"column":6},"end":{"line":52,"column":49}},"24":{"start":{"line":55,"column":6},"end":{"line":55,"column":24}},"25":{"start":{"line":59,"column":2},"end":{"line":61,"column":3}},"26":{"start":{"line":60,"column":4},"end":{"line":60,"column":16}},"27":{"start":{"line":63,"column":2},"end":{"line":92,"column":4}},"28":{"start":{"line":95,"column":0},"end":{"line":95,"column":30}}},"fnMap":{"0":{"name":"(anonymous_0)","decl":{"start":{"line":9,"column":23},"end":{"line":9,"column":26}},"loc":{"start":{"line":9,"column":28},"end":{"line":93,"column":1}}},"1":{"name":"(anonymous_1)","decl":{"start":{"line":20,"column":12},"end":{"line":20,"column":15}},"loc":{"start":{"line":20,"column":17},"end":{"line":24,"column":3}}},"2":{"name":"(anonymous_2)","decl":{"start":{"line":26,"column":20},"end":{"line":26,"column":25}},"loc":{"start":{"line":26,"column":31},"end":{"line":57,"column":3}}},"3":{"name":"(anonymous_3)","decl":{"start":{"line":40,"column":38},"end":{"line":40,"column":39}},"loc":{"start":{"line":40,"column":66},"end":{"line":43,"column":7}}}},"branchMap":{"0":{"loc":{"start":{"line":21,"column":4},"end":{"line":23,"column":5}},"type":"if","locations":[{"start":{"line":21,"column":4},"end":{"line":23,"column":5}},{"start":{},"end":{}}]},"1":{"loc":{"start":{"line":27,"column":4},"end":{"line":27,"column":22}},"type":"if","locations":[{"start":{"line":27,"column":4},"end":{"line":27,"column":22}},{"start":{},"end":{}}]},"2":{"loc":{"start":{"line":41,"column":26},"end":{"line":41,"column":70}},"type":"binary-expr","locations":[{"start":{"line":41,"column":26},"end":{"line":41,"column":43}},{"start":{"line":41,"column":47},"end":{"line":41,"column":65}},{"start":{"line":41,"column":69},"end":{"line":41,"column":70}}]},"3":{"loc":{"start":{"line":59,"column":2},"end":{"line":61,"column":3}},"type":"if","locations":[{"start":{"line":59,"column":2},"end":{"line":61,"column":3}},{"start":{},"end":{}}]},"4":{"loc":{"start":{"line":59,"column":6},"end":{"line":59,"column":22}},"type":"binary-expr","locations":[{"start":{"line":59,"column":6},"end":{"line":59,"column":11}},{"start":{"line":59,"column":15},"end":{"line":59,"column":22}}]},"5":{"loc":{"start":{"line":82,"column":15},"end":{"line":84,"column":21}},"type":"cond-expr","locations":[{"start":{"line":83,"column":18},"end":{"line":83,"column":57}},{"start":{"line":84,"column":18},"end":{"line":84,"column":21}}]}},"s":{"0":0,"1":0,"2":0,"3":0,"4":0,"5":0,"6":0,"7":0,"8":0,"9":0,"10":0,"11":0,"12":0,"13":0,"14":0,"15":0,"16":0,"17":0,"18":0,"19":0,"20":0,"21":0,"22":0,"23":0,"24":0,"25":0,"26":0,"27":0,"28":0},"f":{"0":0,"1":0,"2":0,"3":0},"b":{"0":[0,0],"1":[0,0],"2":[0,0,0],"3":[0,0],"4":[0,0],"5":[0,0]}}
,"E:\\repos\\hearth\\src\\components\\Navbar.tsx": {"path":"E:\\repos\\hearth\\src\\components\\Navbar.tsx","statementMap":{"0":{"start":{"line":2,"column":0},"end":{"line":2,"column":26}},"1":{"start":{"line":3,"column":0},"end":{"line":3,"column":65}},"2":{"start":{"line":4,"column":0},"end":{"line":4,"column":40}},"3":{"start":{"line":5,"column":0},"end":{"line":5,"column":50}},"4":{"start":{"line":6,"column":0},"end":{"line":6,"column":52}},"5":{"start":{"line":7,"column":0},"end":{"line":7,"column":53}},"6":{"start":{"line":9,"column":18},"end":{"line":74,"column":1}},"7":{"start":{"line":10,"column":28},"end":{"line":10,"column":42}},"8":{"start":{"line":11,"column":50},"end":{"line":11,"column":65}},"9":{"start":{"line":14,"column":2},"end":{"line":16,"column":27}},"10":{"start":{"line":15,"column":4},"end":{"line":15,"column":31}},"11":{"start":{"line":19,"column":2},"end":{"line":21,"column":19}},"12":{"start":{"line":20,"column":4},"end":{"line":20,"column":62}},"13":{"start":{"line":23,"column":23},"end":{"line":25,"column":3}},"14":{"start":{"line":24,"column":4},"end":{"line":24,"column":23}},"15":{"start":{"line":27,"column":2},"end":{"line":73,"column":4}},"16":{"start":{"line":76,"column":0},"end":{"line":76,"column":25}}},"fnMap":{"0":{"name":"(anonymous_1)","decl":{"start":{"line":9,"column":18},"end":{"line":9,"column":21}},"loc":{"start":{"line":9,"column":23},"end":{"line":74,"column":1}}},"1":{"name":"(anonymous_2)","decl":{"start":{"line":14,"column":18},"end":{"line":14,"column":21}},"loc":{"start":{"line":14,"column":23},"end":{"line":16,"column":3}}},"2":{"name":"(anonymous_3)","decl":{"start":{"line":19,"column":18},"end":{"line":19,"column":21}},"loc":{"start":{"line":19,"column":23},"end":{"line":21,"column":3}}},"3":{"name":"(anonymous_4)","decl":{"start":{"line":23,"column":23},"end":{"line":23,"column":28}},"loc":{"start":{"line":23,"column":34},"end":{"line":25,"column":3}}}},"branchMap":{"0":{"loc":{"start":{"line":15,"column":12},"end":{"line":15,"column":29}},"type":"binary-expr","locations":[{"start":{"line":15,"column":12},"end":{"line":15,"column":21}},{"start":{"line":15,"column":25},"end":{"line":15,"column":29}}]},"1":{"loc":{"start":{"line":28,"column":16},"end":{"line":28,"column":45}},"type":"cond-expr","locations":[{"start":{"line":28,"column":29},"end":{"line":28,"column":35}},{"start":{"line":28,"column":38},"end":{"line":28,"column":45}}]},"2":{"loc":{"start":{"line":28,"column":56},"end":{"line":28,"column":85}},"type":"cond-expr","locations":[{"start":{"line":28,"column":69},"end":{"line":28,"column":75}},{"start":{"line":28,"column":78},"end":{"line":28,"column":85}}]},"3":{"loc":{"start":{"line":35,"column":13},"end":{"line":39,"column":null}},"type":"binary-expr","locations":[{"start":{"line":35,"column":13},"end":{"line":35,"column":17}},{"start":{"line":36,"column":14},"end":{"line":38,"column":null}}]},"4":{"loc":{"start":{"line":43,"column":13},"end":{"line":67,"column":null}},"type":"binary-expr","locations":[{"start":{"line":43,"column":13},"end":{"line":43,"column":21}},{"start":{"line":44,"column":14},"end":{"line":66,"column":null}}]},"5":{"loc":{"start":{"line":44,"column":14},"end":{"line":66,"column":null}},"type":"cond-expr","locations":[{"start":{"line":45,"column":16},"end":{"line":63,"column":null}},{"start":{"line":66,"column":16},"end":{"line":66,"column":64}}]},"6":{"loc":{"start":{"line":50,"column":27},"end":{"line":50,"column":86}},"type":"cond-expr","locations":[{"start":{"line":50,"column":40},"end":{"line":50,"column":62}},{"start":{"line":50,"column":65},"end":{"line":50,"column":86}}]},"7":{"loc":{"start":{"line":52,"column":21},"end":{"line":52,"column":45}},"type":"cond-expr","locations":[{"start":{"line":52,"column":34},"end":{"line":52,"column":38}},{"start":{"line":52,"column":41},"end":{"line":52,"column":45}}]},"8":{"loc":{"start":{"line":54,"column":35},"end":{"line":54,"column":74}},"type":"cond-expr","locations":[{"start":{"line":54,"column":48},"end":{"line":54,"column":60}},{"start":{"line":54,"column":63},"end":{"line":54,"column":74}}]},"9":{"loc":{"start":{"line":58,"column":29},"end":{"line":58,"column":74}},"type":"cond-expr","locations":[{"start":{"line":58,"column":42},"end":{"line":58,"column":57}},{"start":{"line":58,"column":60},"end":{"line":58,"column":74}}]}},"s":{"0":0,"1":0,"2":0,"3":0,"4":0,"5":0,"6":0,"7":0,"8":0,"9":0,"10":0,"11":0,"12":0,"13":0,"14":0,"15":0,"16":0},"f":{"0":0,"1":0,"2":0,"3":0},"b":{"0":[0,0],"1":[0,0],"2":[0,0],"3":[0,0],"4":[0,0],"5":[0,0],"6":[0,0],"7":[0,0],"8":[0,0],"9":[0,0]}}
,"E:\\repos\\hearth\\src\\components\\NotificationSystem.tsx": {"path":"E:\\repos\\hearth\\src\\components\\NotificationSystem.tsx","statementMap":{"0":{"start":{"line":1,"column":0},"end":{"line":1,"column":60}},"1":{"start":{"line":2,"column":0},"end":{"line":2,"column":56}},"2":{"start":{"line":24,"column":28},"end":{"line":24,"column":79}},"3":{"start":{"line":26,"column":32},"end":{"line":32,"column":1}},"4":{"start":{"line":27,"column":18},"end":{"line":27,"column":49}},"5":{"start":{"line":28,"column":2},"end":{"line":30,"column":3}},"6":{"start":{"line":29,"column":4},"end":{"line":29,"column":81}},"7":{"start":{"line":31,"column":2},"end":{"line":31,"column":17}},"8":{"start":{"line":26,"column":13},"end":{"line":26,"column":32}},"9":{"start":{"line":38,"column":36},"end":{"line":143,"column":1}},"10":{"start":{"line":39,"column":44},"end":{"line":39,"column":72}},"11":{"start":{"line":41,"column":27},"end":{"line":57,"column":3}},"12":{"start":{"line":42,"column":15},"end":{"line":42,"column":54}},"13":{"start":{"line":43,"column":42},"end":{"line":47,"column":6}},"14":{"start":{"line":49,"column":4},"end":{"line":49,"column":57}},"15":{"start":{"line":49,"column":29},"end":{"line":49,"column":55}},"16":{"start":{"line":52,"column":4},"end":{"line":56,"column":5}},"17":{"start":{"line":53,"column":6},"end":{"line":55,"column":35}},"18":{"start":{"line":54,"column":8},"end":{"line":54,"column":31}},"19":{"start":{"line":59,"column":29},"end":{"line":61,"column":3}},"20":{"start":{"line":60,"column":4},"end":{"line":60,"column":60}},"21":{"start":{"line":60,"column":29},"end":{"line":60,"column":58}},"22":{"start":{"line":60,"column":46},"end":{"line":60,"column":57}},"23":{"start":{"line":63,"column":22},"end":{"line":65,"column":3}},"24":{"start":{"line":64,"column":4},"end":{"line":64,"column":58}},"25":{"start":{"line":67,"column":20},"end":{"line":69,"column":3}},"26":{"start":{"line":68,"column":4},"end":{"line":68,"column":72}},"27":{"start":{"line":71,"column":22},"end":{"line":73,"column":3}},"28":{"start":{"line":72,"column":4},"end":{"line":72,"column":58}},"29":{"start":{"line":75,"column":19},"end":{"line":77,"column":3}},"30":{"start":{"line":76,"column":4},"end":{"line":76,"column":55}},"31":{"start":{"line":79,"column":26},"end":{"line":87,"column":3}},"32":{"start":{"line":80,"column":4},"end":{"line":86,"column":5}},"33":{"start":{"line":81,"column":22},"end":{"line":81,"column":39}},"34":{"start":{"line":82,"column":20},"end":{"line":82,"column":36}},"35":{"start":{"line":83,"column":22},"end":{"line":83,"column":39}},"36":{"start":{"line":84,"column":19},"end":{"line":84,"column":33}},"37":{"start":{"line":85,"column":15},"end":{"line":85,"column":30}},"38":{"start":{"line":89,"column":23},"end":{"line":97,"column":3}},"39":{"start":{"line":90,"column":4},"end":{"line":96,"column":5}},"40":{"start":{"line":91,"column":22},"end":{"line":91,"column":33}},"41":{"start":{"line":92,"column":20},"end":{"line":92,"column":31}},"42":{"start":{"line":93,"column":22},"end":{"line":93,"column":34}},"43":{"start":{"line":94,"column":19},"end":{"line":94,"column":31}},"44":{"start":{"line":95,"column":15},"end":{"line":95,"column":27}},"45":{"start":{"line":99,"column":2},"end":{"line":142,"column":4}},"46":{"start":{"line":111,"column":10},"end":{"line":112,"column":null}},"47":{"start":{"line":114,"column":27},"end":{"line":114,"column":62}},"48":{"start":{"line":129,"column":22},"end":{"line":129,"column":53}},"49":{"start":{"line":130,"column":22},"end":{"line":130,"column":58}},"50":{"start":{"line":38,"column":13},"end":{"line":38,"column":36}}},"fnMap":{"0":{"name":"(anonymous_0)","decl":{"start":{"line":26,"column":32},"end":{"line":26,"column":35}},"loc":{"start":{"line":26,"column":37},"end":{"line":32,"column":1}}},"1":{"name":"(anonymous_1)","decl":{"start":{"line":38,"column":36},"end":{"line":38,"column":37}},"loc":{"start":{"line":38,"column":80},"end":{"line":143,"column":1}}},"2":{"name":"(anonymous_2)","decl":{"start":{"line":41,"column":27},"end":{"line":41,"column":28}},"loc":{"start":{"line":41,"column":70},"end":{"line":57,"column":3}}},"3":{"name":"(anonymous_3)","decl":{"start":{"line":49,"column":21},"end":{"line":49,"column":25}},"loc":{"start":{"line":49,"column":29},"end":{"line":49,"column":55}}},"4":{"name":"(anonymous_4)","decl":{"start":{"line":53,"column":17},"end":{"line":53,"column":20}},"loc":{"start":{"line":53,"column":22},"end":{"line":55,"column":7}}},"5":{"name":"(anonymous_5)","decl":{"start":{"line":59,"column":29},"end":{"line":59,"column":30}},"loc":{"start":{"line":59,"column":44},"end":{"line":61,"column":3}}},"6":{"name":"(anonymous_6)","decl":{"start":{"line":60,"column":21},"end":{"line":60,"column":25}},"loc":{"start":{"line":60,"column":29},"end":{"line":60,"column":58}}},"7":{"name":"(anonymous_7)","decl":{"start":{"line":60,"column":41},"end":{"line":60,"column":42}},"loc":{"start":{"line":60,"column":46},"end":{"line":60,"column":57}}},"8":{"name":"(anonymous_8)","decl":{"start":{"line":63,"column":22},"end":{"line":63,"column":23}},"loc":{"start":{"line":63,"column":58},"end":{"line":65,"column":3}}},"9":{"name":"(anonymous_9)","decl":{"start":{"line":67,"column":20},"end":{"line":67,"column":21}},"loc":{"start":{"line":67,"column":56},"end":{"line":69,"column":3}}},"10":{"name":"(anonymous_10)","decl":{"start":{"line":71,"column":22},"end":{"line":71,"column":23}},"loc":{"start":{"line":71,"column":58},"end":{"line":73,"column":3}}},"11":{"name":"(anonymous_11)","decl":{"start":{"line":75,"column":19},"end":{"line":75,"column":20}},"loc":{"start":{"line":75,"column":55},"end":{"line":77,"column":3}}},"12":{"name":"(anonymous_12)","decl":{"start":{"line":79,"column":26},"end":{"line":79,"column":27}},"loc":{"start":{"line":79,"column":57},"end":{"line":87,"column":3}}},"13":{"name":"(anonymous_13)","decl":{"start":{"line":89,"column":23},"end":{"line":89,"column":24}},"loc":{"start":{"line":89,"column":54},"end":{"line":97,"column":3}}},"14":{"name":"(anonymous_14)","decl":{"start":{"line":110,"column":27},"end":{"line":110,"column":28}},"loc":{"start":{"line":111,"column":10},"end":{"line":112,"column":null}}},"15":{"name":"(anonymous_15)","decl":{"start":{"line":114,"column":21},"end":{"line":114,"column":24}},"loc":{"start":{"line":114,"column":27},"end":{"line":114,"column":62}}},"16":{"name":"(anonymous_16)","decl":{"start":{"line":128,"column":29},"end":{"line":128,"column":32}},"loc":{"start":{"line":128,"column":34},"end":{"line":131,"column":21}}}},"branchMap":{"0":{"loc":{"start":{"line":28,"column":2},"end":{"line":30,"column":3}},"type":"if","locations":[{"start":{"line":28,"column":2},"end":{"line":30,"column":3}},{"start":{},"end":{}}]},"1":{"loc":{"start":{"line":52,"column":4},"end":{"line":56,"column":5}},"type":"if","locations":[{"start":{"line":52,"column":4},"end":{"line":56,"column":5}},{"start":{},"end":{}}]},"2":{"loc":{"start":{"line":52,"column":8},"end":{"line":52,"column":64}},"type":"binary-expr","locations":[{"start":{"line":52,"column":8},"end":{"line":52,"column":32}},{"start":{"line":52,"column":36},"end":{"line":52,"column":64}}]},"3":{"loc":{"start":{"line":80,"column":4},"end":{"line":86,"column":5}},"type":"switch","locations":[{"start":{"line":81,"column":6},"end":{"line":81,"column":39}},{"start":{"line":82,"column":6},"end":{"line":82,"column":36}},{"start":{"line":83,"column":6},"end":{"line":83,"column":39}},{"start":{"line":84,"column":6},"end":{"line":84,"column":33}},{"start":{"line":85,"column":6},"end":{"line":85,"column":30}}]},"4":{"loc":{"start":{"line":90,"column":4},"end":{"line":96,"column":5}},"type":"switch","locations":[{"start":{"line":91,"column":6},"end":{"line":91,"column":33}},{"start":{"line":92,"column":6},"end":{"line":92,"column":31}},{"start":{"line":93,"column":6},"end":{"line":93,"column":34}},{"start":{"line":94,"column":6},"end":{"line":94,"column":31}},{"start":{"line":95,"column":6},"end":{"line":95,"column":27}}]},"5":{"loc":{"start":{"line":116,"column":23},"end":{"line":116,"column":107}},"type":"cond-expr","locations":[{"start":{"line":116,"column":90},"end":{"line":116,"column":102}},{"start":{"line":116,"column":105},"end":{"line":116,"column":107}}]},"6":{"loc":{"start":{"line":116,"column":23},"end":{"line":116,"column":87}},"type":"binary-expr","locations":[{"start":{"line":116,"column":23},"end":{"line":116,"column":52}},{"start":{"line":116,"column":56},"end":{"line":116,"column":87}}]},"7":{"loc":{"start":{"line":118,"column":49},"end":{"line":118,"column":133}},"type":"cond-expr","locations":[{"start":{"line":118,"column":116},"end":{"line":118,"column":128}},{"start":{"line":118,"column":131},"end":{"line":118,"column":133}}]},"8":{"loc":{"start":{"line":118,"column":49},"end":{"line":118,"column":113}},"type":"binary-expr","locations":[{"start":{"line":118,"column":49},"end":{"line":118,"column":78}},{"start":{"line":118,"column":82},"end":{"line":118,"column":113}}]},"9":{"loc":{"start":{"line":122,"column":13},"end":{"line":136,"column":null}},"type":"binary-expr","locations":[{"start":{"line":122,"column":14},"end":{"line":122,"column":34}},{"start":{"line":122,"column":38},"end":{"line":122,"column":57}},{"start":{"line":123,"column":14},"end":{"line":135,"column":null}}]},"10":{"loc":{"start":{"line":124,"column":17},"end":{"line":124,"column":87}},"type":"binary-expr","locations":[{"start":{"line":124,"column":17},"end":{"line":124,"column":37}},{"start":{"line":124,"column":41},"end":{"line":124,"column":87}}]},"11":{"loc":{"start":{"line":125,"column":17},"end":{"line":134,"column":null}},"type":"binary-expr","locations":[{"start":{"line":125,"column":17},"end":{"line":125,"column":36}},{"start":{"line":126,"column":18},"end":{"line":133,"column":null}}]}},"s":{"0":0,"1":0,"2":0,"3":0,"4":0,"5":0,"6":0,"7":0,"8":0,"9":0,"10":0,"11":0,"12":0,"13":0,"14":0,"15":0,"16":0,"17":0,"18":0,"19":0,"20":0,"21":0,"22":0,"23":0,"24":0,"25":0,"26":0,"27":0,"28":0,"29":0,"30":0,"31":0,"32":0,"33":0,"34":0,"35":0,"36":0,"37":0,"38":0,"39":0,"40":0,"41":0,"42":0,"43":0,"44":0,"45":0,"46":0,"47":0,"48":0,"49":0,"50":0},"f":{"0":0,"1":0,"2":0,"3":0,"4":0,"5":0,"6":0,"7":0,"8":0,"9":0,"10":0,"11":0,"12":0,"13":0,"14":0,"15":0,"16":0},"b":{"0":[0,0],"1":[0,0],"2":[0,0],"3":[0,0,0,0,0],"4":[0,0,0,0,0],"5":[0,0],"6":[0,0],"7":[0,0],"8":[0,0],"9":[0,0,0],"10":[0,0],"11":[0,0]}}
,"E:\\repos\\hearth\\src\\components\\PWAUpdatePrompt.tsx": {"path":"E:\\repos\\hearth\\src\\components\\PWAUpdatePrompt.tsx","statementMap":{"0":{"start":{"line":1,"column":0},"end":{"line":1,"column":44}},"1":{"start":{"line":2,"column":0},"end":{"line":2,"column":64}},"2":{"start":{"line":4,"column":24},"end":{"line":111,"column":1}},"3":{"start":{"line":5,"column":50},"end":{"line":5,"column":65}},"4":{"start":{"line":6,"column":42},"end":{"line":6,"column":57}},"5":{"start":{"line":7,"column":40},"end":{"line":7,"column":55}},"6":{"start":{"line":10,"column":2},"end":{"line":29,"column":9}},"7":{"start":{"line":12,"column":4},"end":{"line":28,"column":5}},"8":{"start":{"line":14,"column":6},"end":{"line":27,"column":11}},"9":{"start":{"line":16,"column":10},"end":{"line":16,"column":54}},"10":{"start":{"line":17,"column":10},"end":{"line":17,"column":32}},"11":{"start":{"line":20,"column":10},"end":{"line":23,"column":13}},"12":{"start":{"line":21,"column":12},"end":{"line":21,"column":33}},"13":{"start":{"line":22,"column":12},"end":{"line":22,"column":38}},"14":{"start":{"line":26,"column":10},"end":{"line":26,"column":55}},"15":{"start":{"line":31,"column":30},"end":{"line":35,"column":3}},"16":{"start":{"line":32,"column":4},"end":{"line":34,"column":5}},"17":{"start":{"line":33,"column":6},"end":{"line":33,"column":31}},"18":{"start":{"line":37,"column":2},"end":{"line":41,"column":20}},"19":{"start":{"line":38,"column":4},"end":{"line":40,"column":5}},"20":{"start":{"line":39,"column":6},"end":{"line":39,"column":32}},"21":{"start":{"line":43,"column":23},"end":{"line":46,"column":3}},"22":{"start":{"line":44,"column":4},"end":{"line":44,"column":30}},"23":{"start":{"line":45,"column":4},"end":{"line":45,"column":31}},"24":{"start":{"line":48,"column":22},"end":{"line":51,"column":3}},"25":{"start":{"line":49,"column":4},"end":{"line":49,"column":31}},"26":{"start":{"line":50,"column":4},"end":{"line":50,"column":26}},"27":{"start":{"line":53,"column":2},"end":{"line":110,"column":4}},"28":{"start":{"line":98,"column":25},"end":{"line":98,"column":47}},"29":{"start":{"line":113,"column":0},"end":{"line":113,"column":31}}},"fnMap":{"0":{"name":"(anonymous_0)","decl":{"start":{"line":4,"column":24},"end":{"line":4,"column":27}},"loc":{"start":{"line":4,"column":29},"end":{"line":111,"column":1}}},"1":{"name":"(anonymous_1)","decl":{"start":{"line":10,"column":12},"end":{"line":10,"column":15}},"loc":{"start":{"line":10,"column":17},"end":{"line":29,"column":3}}},"2":{"name":"(anonymous_2)","decl":{"start":{"line":15,"column":14},"end":{"line":15,"column":15}},"loc":{"start":{"line":15,"column":31},"end":{"line":24,"column":9}}},"3":{"name":"(anonymous_3)","decl":{"start":{"line":20,"column":55},"end":{"line":20,"column":58}},"loc":{"start":{"line":20,"column":60},"end":{"line":23,"column":11}}},"4":{"name":"(anonymous_4)","decl":{"start":{"line":25,"column":15},"end":{"line":25,"column":16}},"loc":{"start":{"line":25,"column":25},"end":{"line":27,"column":9}}},"5":{"name":"(anonymous_5)","decl":{"start":{"line":31,"column":30},"end":{"line":31,"column":31}},"loc":{"start":{"line":31,"column":55},"end":{"line":35,"column":3}}},"6":{"name":"(anonymous_6)","decl":{"start":{"line":37,"column":12},"end":{"line":37,"column":15}},"loc":{"start":{"line":37,"column":17},"end":{"line":41,"column":3}}},"7":{"name":"(anonymous_7)","decl":{"start":{"line":43,"column":23},"end":{"line":43,"column":26}},"loc":{"start":{"line":43,"column":28},"end":{"line":46,"column":3}}},"8":{"name":"(anonymous_8)","decl":{"start":{"line":48,"column":22},"end":{"line":48,"column":25}},"loc":{"start":{"line":48,"column":27},"end":{"line":51,"column":3}}},"9":{"name":"(anonymous_9)","decl":{"start":{"line":98,"column":19},"end":{"line":98,"column":22}},"loc":{"start":{"line":98,"column":25},"end":{"line":98,"column":47}}}},"branchMap":{"0":{"loc":{"start":{"line":12,"column":4},"end":{"line":28,"column":5}},"type":"if","locations":[{"start":{"line":12,"column":4},"end":{"line":28,"column":5}},{"start":{},"end":{}}]},"1":{"loc":{"start":{"line":32,"column":4},"end":{"line":34,"column":5}},"type":"if","locations":[{"start":{"line":32,"column":4},"end":{"line":34,"column":5}},{"start":{},"end":{}}]},"2":{"loc":{"start":{"line":38,"column":4},"end":{"line":40,"column":5}},"type":"if","locations":[{"start":{"line":38,"column":4},"end":{"line":40,"column":5}},{"start":{},"end":{}}]}},"s":{"0":0,"1":0,"2":0,"3":0,"4":0,"5":0,"6":0,"7":0,"8":0,"9":0,"10":0,"11":0,"12":0,"13":0,"14":0,"15":0,"16":0,"17":0,"18":0,"19":0,"20":0,"21":0,"22":0,"23":0,"24":0,"25":0,"26":0,"27":0,"28":0,"29":0},"f":{"0":0,"1":0,"2":0,"3":0,"4":0,"5":0,"6":0,"7":0,"8":0,"9":0},"b":{"0":[0,0],"1":[0,0],"2":[0,0]}}
,"E:\\repos\\hearth\\src\\components\\ProtectedRoute.tsx": {"path":"E:\\repos\\hearth\\src\\components\\ProtectedRoute.tsx","statementMap":{"0":{"start":{"line":1,"column":0},"end":{"line":1,"column":44}},"1":{"start":{"line":2,"column":0},"end":{"line":2,"column":50}},"2":{"start":{"line":3,"column":0},"end":{"line":3,"column":53}},"3":{"start":{"line":9,"column":23},"end":{"line":27,"column":1}},"4":{"start":{"line":10,"column":28},"end":{"line":10,"column":42}},"5":{"start":{"line":12,"column":2},"end":{"line":20,"column":3}},"6":{"start":{"line":13,"column":4},"end":{"line":19,"column":6}},"7":{"start":{"line":22,"column":2},"end":{"line":24,"column":3}},"8":{"start":{"line":23,"column":4},"end":{"line":23,"column":44}},"9":{"start":{"line":26,"column":2},"end":{"line":26,"column":25}},"10":{"start":{"line":29,"column":0},"end":{"line":29,"column":30}}},"fnMap":{"0":{"name":"(anonymous_0)","decl":{"start":{"line":9,"column":23},"end":{"line":9,"column":24}},"loc":{"start":{"line":9,"column":61},"end":{"line":27,"column":1}}}},"branchMap":{"0":{"loc":{"start":{"line":12,"column":2},"end":{"line":20,"column":3}},"type":"if","locations":[{"start":{"line":12,"column":2},"end":{"line":20,"column":3}},{"start":{},"end":{}}]},"1":{"loc":{"start":{"line":22,"column":2},"end":{"line":24,"column":3}},"type":"if","locations":[{"start":{"line":22,"column":2},"end":{"line":24,"column":3}},{"start":{},"end":{}}]}},"s":{"0":0,"1":0,"2":0,"3":0,"4":0,"5":0,"6":0,"7":0,"8":0,"9":0,"10":0},"f":{"0":0},"b":{"0":[0,0],"1":[0,0]}}
,"E:\\repos\\hearth\\src\\components\\QRCodeModal.tsx": {"path":"E:\\repos\\hearth\\src\\components\\QRCodeModal.tsx","statementMap":{"0":{"start":{"line":1,"column":0},"end":{"line":1,"column":48}},"1":{"start":{"line":2,"column":0},"end":{"line":2,"column":41}},"2":{"start":{"line":11,"column":20},"end":{"line":160,"column":1}},"3":{"start":{"line":12,"column":18},"end":{"line":12,"column":51}},"4":{"start":{"line":14,"column":22},"end":{"line":66,"column":3}},"5":{"start":{"line":16,"column":24},"end":{"line":16,"column":49}},"6":{"start":{"line":17,"column":4},"end":{"line":17,"column":29}},"7":{"start":{"line":17,"column":22},"end":{"line":17,"column":29}},"8":{"start":{"line":20,"column":22},"end":{"line":20,"column":70}},"9":{"start":{"line":21,"column":4},"end":{"line":21,"column":27}},"10":{"start":{"line":21,"column":20},"end":{"line":21,"column":27}},"11":{"start":{"line":24,"column":25},"end":{"line":56,"column":6}},"12":{"start":{"line":58,"column":4},"end":{"line":58,"column":45}},"13":{"start":{"line":59,"column":4},"end":{"line":59,"column":33}},"14":{"start":{"line":62,"column":4},"end":{"line":65,"column":6}},"15":{"start":{"line":63,"column":6},"end":{"line":63,"column":26}},"16":{"start":{"line":64,"column":6},"end":{"line":64,"column":26}},"17":{"start":{"line":68,"column":21},"end":{"line":124,"column":3}},"18":{"start":{"line":70,"column":22},"end":{"line":70,"column":84}},"19":{"start":{"line":71,"column":4},"end":{"line":71,"column":27}},"20":{"start":{"line":71,"column":20},"end":{"line":71,"column":27}},"21":{"start":{"line":74,"column":21},"end":{"line":74,"column":60}},"22":{"start":{"line":77,"column":4},"end":{"line":77,"column":42}},"23":{"start":{"line":78,"column":4},"end":{"line":78,"column":43}},"24":{"start":{"line":81,"column":20},"end":{"line":81,"column":67}},"25":{"start":{"line":84,"column":19},"end":{"line":84,"column":51}},"26":{"start":{"line":85,"column":16},"end":{"line":85,"column":39}},"27":{"start":{"line":86,"column":4},"end":{"line":86,"column":21}},"28":{"start":{"line":86,"column":14},"end":{"line":86,"column":21}},"29":{"start":{"line":89,"column":4},"end":{"line":89,"column":23}},"30":{"start":{"line":90,"column":4},"end":{"line":90,"column":24}},"31":{"start":{"line":93,"column":16},"end":{"line":93,"column":27}},"32":{"start":{"line":94,"column":20},"end":{"line":94,"column":80}},"33":{"start":{"line":95,"column":16},"end":{"line":95,"column":44}},"34":{"start":{"line":97,"column":4},"end":{"line":121,"column":6}},"35":{"start":{"line":99,"column":6},"end":{"line":99,"column":30}},"36":{"start":{"line":100,"column":6},"end":{"line":100,"column":54}},"37":{"start":{"line":103,"column":6},"end":{"line":103,"column":60}},"38":{"start":{"line":106,"column":6},"end":{"line":120,"column":27}},"39":{"start":{"line":107,"column":8},"end":{"line":107,"column":26}},"40":{"start":{"line":107,"column":19},"end":{"line":107,"column":26}},"41":{"start":{"line":109,"column":28},"end":{"line":109,"column":53}},"42":{"start":{"line":110,"column":21},"end":{"line":110,"column":48}},"43":{"start":{"line":111,"column":8},"end":{"line":111,"column":32}},"44":{"start":{"line":112,"column":8},"end":{"line":112,"column":89}},"45":{"start":{"line":113,"column":8},"end":{"line":113,"column":40}},"46":{"start":{"line":114,"column":8},"end":{"line":114,"column":21}},"47":{"start":{"line":115,"column":8},"end":{"line":115,"column":40}},"48":{"start":{"line":118,"column":8},"end":{"line":118,"column":41}},"49":{"start":{"line":119,"column":8},"end":{"line":119,"column":33}},"50":{"start":{"line":123,"column":4},"end":{"line":123,"column":18}},"51":{"start":{"line":126,"column":2},"end":{"line":159,"column":4}},"52":{"start":{"line":162,"column":0},"end":{"line":162,"column":27}}},"fnMap":{"0":{"name":"(anonymous_0)","decl":{"start":{"line":11,"column":20},"end":{"line":11,"column":21}},"loc":{"start":{"line":11,"column":71},"end":{"line":160,"column":1}}},"1":{"name":"(anonymous_1)","decl":{"start":{"line":14,"column":22},"end":{"line":14,"column":25}},"loc":{"start":{"line":14,"column":27},"end":{"line":66,"column":3}}},"2":{"name":"(anonymous_2)","decl":{"start":{"line":62,"column":25},"end":{"line":62,"column":28}},"loc":{"start":{"line":62,"column":30},"end":{"line":65,"column":5}}},"3":{"name":"(anonymous_3)","decl":{"start":{"line":68,"column":21},"end":{"line":68,"column":24}},"loc":{"start":{"line":68,"column":26},"end":{"line":124,"column":3}}},"4":{"name":"(anonymous_4)","decl":{"start":{"line":97,"column":17},"end":{"line":97,"column":20}},"loc":{"start":{"line":97,"column":22},"end":{"line":121,"column":5}}},"5":{"name":"(anonymous_5)","decl":{"start":{"line":106,"column":20},"end":{"line":106,"column":21}},"loc":{"start":{"line":106,"column":29},"end":{"line":120,"column":7}}}},"branchMap":{"0":{"loc":{"start":{"line":17,"column":4},"end":{"line":17,"column":29}},"type":"if","locations":[{"start":{"line":17,"column":4},"end":{"line":17,"column":29}},{"start":{},"end":{}}]},"1":{"loc":{"start":{"line":21,"column":4},"end":{"line":21,"column":27}},"type":"if","locations":[{"start":{"line":21,"column":4},"end":{"line":21,"column":27}},{"start":{},"end":{}}]},"2":{"loc":{"start":{"line":71,"column":4},"end":{"line":71,"column":27}},"type":"if","locations":[{"start":{"line":71,"column":4},"end":{"line":71,"column":27}},{"start":{},"end":{}}]},"3":{"loc":{"start":{"line":86,"column":4},"end":{"line":86,"column":21}},"type":"if","locations":[{"start":{"line":86,"column":4},"end":{"line":86,"column":21}},{"start":{},"end":{}}]},"4":{"loc":{"start":{"line":107,"column":8},"end":{"line":107,"column":26}},"type":"if","locations":[{"start":{"line":107,"column":8},"end":{"line":107,"column":26}},{"start":{},"end":{}}]}},"s":{"0":0,"1":0,"2":0,"3":0,"4":0,"5":0,"6":0,"7":0,"8":0,"9":0,"10":0,"11":0,"12":0,"13":0,"14":0,"15":0,"16":0,"17":0,"18":0,"19":0,"20":0,"21":0,"22":0,"23":0,"24":0,"25":0,"26":0,"27":0,"28":0,"29":0,"30":0,"31":0,"32":0,"33":0,"34":0,"35":0,"36":0,"37":0,"38":0,"39":0,"40":0,"41":0,"42":0,"43":0,"44":0,"45":0,"46":0,"47":0,"48":0,"49":0,"50":0,"51":0,"52":0},"f":{"0":0,"1":0,"2":0,"3":0,"4":0,"5":0},"b":{"0":[0,0],"1":[0,0],"2":[0,0],"3":[0,0],"4":[0,0]}}
,"E:\\repos\\hearth\\src\\components\\SkeletonLoader.tsx": {"path":"E:\\repos\\hearth\\src\\components\\SkeletonLoader.tsx","statementMap":{"0":{"start":{"line":1,"column":0},"end":{"line":1,"column":73}},"1":{"start":{"line":8,"column":23},"end":{"line":108,"column":1}},"2":{"start":{"line":9,"column":2},"end":{"line":33,"column":3}},"3":{"start":{"line":10,"column":4},"end":{"line":32,"column":6}},"4":{"start":{"line":14,"column":12},"end":{"line":14,"column":43}},"5":{"start":{"line":35,"column":2},"end":{"line":65,"column":3}},"6":{"start":{"line":36,"column":4},"end":{"line":64,"column":6}},"7":{"start":{"line":39,"column":10},"end":{"line":39,"column":28}},"8":{"start":{"line":67,"column":2},"end":{"line":105,"column":3}},"9":{"start":{"line":68,"column":4},"end":{"line":104,"column":6}},"10":{"start":{"line":107,"column":2},"end":{"line":107,"column":14}},"11":{"start":{"line":110,"column":0},"end":{"line":110,"column":30}}},"fnMap":{"0":{"name":"(anonymous_0)","decl":{"start":{"line":8,"column":23},"end":{"line":8,"column":24}},"loc":{"start":{"line":8,"column":68},"end":{"line":108,"column":1}}},"1":{"name":"(anonymous_1)","decl":{"start":{"line":13,"column":45},"end":{"line":13,"column":46}},"loc":{"start":{"line":14,"column":12},"end":{"line":14,"column":43}}},"2":{"name":"(anonymous_2)","decl":{"start":{"line":38,"column":43},"end":{"line":38,"column":44}},"loc":{"start":{"line":39,"column":10},"end":{"line":39,"column":28}}}},"branchMap":{"0":{"loc":{"start":{"line":8,"column":32},"end":{"line":8,"column":41}},"type":"default-arg","locations":[{"start":{"line":8,"column":40},"end":{"line":8,"column":41}}]},"1":{"loc":{"start":{"line":9,"column":2},"end":{"line":33,"column":3}},"type":"if","locations":[{"start":{"line":9,"column":2},"end":{"line":33,"column":3}},{"start":{},"end":{}}]},"2":{"loc":{"start":{"line":35,"column":2},"end":{"line":65,"column":3}},"type":"if","locations":[{"start":{"line":35,"column":2},"end":{"line":65,"column":3}},{"start":{},"end":{}}]},"3":{"loc":{"start":{"line":67,"column":2},"end":{"line":105,"column":3}},"type":"if","locations":[{"start":{"line":67,"column":2},"end":{"line":105,"column":3}},{"start":{},"end":{}}]}},"s":{"0":0,"1":0,"2":0,"3":0,"4":0,"5":0,"6":0,"7":0,"8":0,"9":0,"10":0,"11":0},"f":{"0":0,"1":0,"2":0},"b":{"0":[0],"1":[0,0],"2":[0,0],"3":[0,0]}}
,"E:\\repos\\hearth\\src\\pages\\ContainerDetailPage.tsx": {"path":"E:\\repos\\hearth\\src\\pages\\ContainerDetailPage.tsx","statementMap":{"0":{"start":{"line":1,"column":0},"end":{"line":1,"column":44}},"1":{"start":{"line":2,"column":0},"end":{"line":2,"column":51}},"2":{"start":{"line":3,"column":0},"end":{"line":3,"column":95}},"3":{"start":{"line":4,"column":0},"end":{"line":4,"column":50}},"4":{"start":{"line":5,"column":0},"end":{"line":5,"column":96}},"5":{"start":{"line":6,"column":0},"end":{"line":6,"column":82}},"6":{"start":{"line":7,"column":0},"end":{"line":7,"column":53}},"7":{"start":{"line":8,"column":0},"end":{"line":8,"column":64}},"8":{"start":{"line":9,"column":0},"end":{"line":9,"column":68}},"9":{"start":{"line":10,"column":0},"end":{"line":10,"column":52}},"10":{"start":{"line":11,"column":0},"end":{"line":11,"column":52}},"11":{"start":{"line":12,"column":0},"end":{"line":12,"column":52}},"12":{"start":{"line":13,"column":0},"end":{"line":13,"column":62}},"13":{"start":{"line":16,"column":28},"end":{"line":864,"column":1}},"14":{"start":{"line":17,"column":26},"end":{"line":17,"column":62}},"15":{"start":{"line":18,"column":36},"end":{"line":18,"column":72}},"16":{"start":{"line":19,"column":28},"end":{"line":19,"column":48}},"17":{"start":{"line":20,"column":26},"end":{"line":20,"column":45}},"18":{"start":{"line":21,"column":38},"end":{"line":21,"column":57}},"19":{"start":{"line":22,"column":36},"end":{"line":22,"column":51}},"20":{"start":{"line":23,"column":62},"end":{"line":23,"column":77}},"21":{"start":{"line":24,"column":52},"end":{"line":24,"column":67}},"22":{"start":{"line":25,"column":40},"end":{"line":25,"column":55}},"23":{"start":{"line":26,"column":48},"end":{"line":26,"column":63}},"24":{"start":{"line":27,"column":42},"end":{"line":27,"column":69}},"25":{"start":{"line":28,"column":42},"end":{"line":28,"column":69}},"26":{"start":{"line":29,"column":38},"end":{"line":29,"column":65}},"27":{"start":{"line":30,"column":32},"end":{"line":30,"column":47}},"28":{"start":{"line":31,"column":42},"end":{"line":31,"column":56}},"29":{"start":{"line":32,"column":28},"end":{"line":32,"column":40}},"30":{"start":{"line":33,"column":34},"end":{"line":47,"column":4}},"31":{"start":{"line":48,"column":52},"end":{"line":52,"column":4}},"32":{"start":{"line":53,"column":42},"end":{"line":67,"column":4}},"33":{"start":{"line":69,"column":19},"end":{"line":69,"column":33}},"34":{"start":{"line":70,"column":37},"end":{"line":70,"column":55}},"35":{"start":{"line":72,"column":2},"end":{"line":76,"column":26}},"36":{"start":{"line":73,"column":4},"end":{"line":75,"column":5}},"37":{"start":{"line":74,"column":6},"end":{"line":74,"column":30}},"38":{"start":{"line":78,"column":32},"end":{"line":105,"column":3}},"39":{"start":{"line":79,"column":4},"end":{"line":79,"column":38}},"40":{"start":{"line":79,"column":31},"end":{"line":79,"column":38}},"41":{"start":{"line":81,"column":4},"end":{"line":104,"column":5}},"42":{"start":{"line":82,"column":6},"end":{"line":82,"column":28}},"43":{"start":{"line":85,"column":69},"end":{"line":90,"column":8}},"44":{"start":{"line":92,"column":31},"end":{"line":92,"column":73}},"45":{"start":{"line":92,"column":52},"end":{"line":92,"column":72}},"46":{"start":{"line":93,"column":6},"end":{"line":93,"column":45}},"47":{"start":{"line":94,"column":6},"end":{"line":94,"column":31}},"48":{"start":{"line":95,"column":6},"end":{"line":95,"column":24}},"49":{"start":{"line":96,"column":6},"end":{"line":96,"column":36}},"50":{"start":{"line":97,"column":6},"end":{"line":97,"column":19}},"51":{"start":{"line":99,"column":6},"end":{"line":99,"column":58}},"52":{"start":{"line":101,"column":6},"end":{"line":101,"column":19}},"53":{"start":{"line":103,"column":6},"end":{"line":103,"column":29}},"54":{"start":{"line":107,"column":23},"end":{"line":147,"column":3}},"55":{"start":{"line":108,"column":4},"end":{"line":108,"column":23}},"56":{"start":{"line":109,"column":4},"end":{"line":109,"column":38}},"57":{"start":{"line":109,"column":31},"end":{"line":109,"column":38}},"58":{"start":{"line":111,"column":4},"end":{"line":111,"column":21}},"59":{"start":{"line":112,"column":4},"end":{"line":112,"column":17}},"60":{"start":{"line":114,"column":4},"end":{"line":146,"column":5}},"61":{"start":{"line":115,"column":22},"end":{"line":115,"column":78}},"62":{"start":{"line":116,"column":6},"end":{"line":116,"column":43}},"63":{"start":{"line":116,"column":23},"end":{"line":116,"column":41}},"64":{"start":{"line":119,"column":6},"end":{"line":122,"column":8}},"65":{"start":{"line":125,"column":6},"end":{"line":139,"column":9}},"66":{"start":{"line":140,"column":6},"end":{"line":140,"column":26}},"67":{"start":{"line":142,"column":6},"end":{"line":142,"column":28}},"68":{"start":{"line":143,"column":6},"end":{"line":143,"column":66}},"69":{"start":{"line":145,"column":6},"end":{"line":145,"column":24}},"70":{"start":{"line":149,"column":23},"end":{"line":152,"column":3}},"71":{"start":{"line":150,"column":4},"end":{"line":150,"column":26}},"72":{"start":{"line":151,"column":4},"end":{"line":151,"column":25}},"73":{"start":{"line":154,"column":30},"end":{"line":162,"column":3}},"74":{"start":{"line":155,"column":4},"end":{"line":155,"column":27}},"75":{"start":{"line":155,"column":20},"end":{"line":155,"column":27}},"76":{"start":{"line":156,"column":4},"end":{"line":160,"column":7}},"77":{"start":{"line":161,"column":4},"end":{"line":161,"column":36}},"78":{"start":{"line":164,"column":36},"end":{"line":189,"column":3}},"79":{"start":{"line":165,"column":4},"end":{"line":165,"column":23}},"80":{"start":{"line":166,"column":4},"end":{"line":166,"column":36}},"81":{"start":{"line":166,"column":29},"end":{"line":166,"column":36}},"82":{"start":{"line":168,"column":4},"end":{"line":168,"column":21}},"83":{"start":{"line":169,"column":4},"end":{"line":169,"column":17}},"84":{"start":{"line":171,"column":4},"end":{"line":188,"column":5}},"85":{"start":{"line":172,"column":6},"end":{"line":172,"column":61}},"86":{"start":{"line":175,"column":6},"end":{"line":175,"column":99}},"87":{"start":{"line":175,"column":27},"end":{"line":175,"column":97}},"88":{"start":{"line":177,"column":6},"end":{"line":180,"column":8}},"89":{"start":{"line":182,"column":6},"end":{"line":182,"column":39}},"90":{"start":{"line":184,"column":6},"end":{"line":184,"column":28}},"91":{"start":{"line":185,"column":6},"end":{"line":185,"column":74}},"92":{"start":{"line":187,"column":6},"end":{"line":187,"column":24}},"93":{"start":{"line":191,"column":25},"end":{"line":209,"column":3}},"94":{"start":{"line":192,"column":4},"end":{"line":192,"column":24}},"95":{"start":{"line":193,"column":4},"end":{"line":207,"column":7}},"96":{"start":{"line":208,"column":4},"end":{"line":208,"column":31}},"97":{"start":{"line":211,"column":31},"end":{"line":241,"column":3}},"98":{"start":{"line":212,"column":4},"end":{"line":212,"column":23}},"99":{"start":{"line":213,"column":4},"end":{"line":213,"column":37}},"100":{"start":{"line":213,"column":30},"end":{"line":213,"column":37}},"101":{"start":{"line":215,"column":4},"end":{"line":215,"column":21}},"102":{"start":{"line":216,"column":4},"end":{"line":216,"column":17}},"103":{"start":{"line":218,"column":4},"end":{"line":240,"column":5}},"104":{"start":{"line":219,"column":6},"end":{"line":219,"column":52}},"105":{"start":{"line":222,"column":6},"end":{"line":226,"column":9}},"106":{"start":{"line":222,"column":23},"end":{"line":225,"column":null}},"107":{"start":{"line":223,"column":8},"end":{"line":225,"column":16}},"108":{"start":{"line":228,"column":6},"end":{"line":231,"column":8}},"109":{"start":{"line":233,"column":6},"end":{"line":233,"column":34}},"110":{"start":{"line":234,"column":6},"end":{"line":234,"column":26}},"111":{"start":{"line":236,"column":6},"end":{"line":236,"column":28}},"112":{"start":{"line":237,"column":6},"end":{"line":237,"column":69}},"113":{"start":{"line":239,"column":6},"end":{"line":239,"column":24}},"114":{"start":{"line":243,"column":21},"end":{"line":243,"column":70}},"115":{"start":{"line":243,"column":40},"end":{"line":243,"column":70}},"116":{"start":{"line":243,"column":55},"end":{"line":243,"column":69}},"117":{"start":{"line":244,"column":26},"end":{"line":244,"column":91}},"118":{"start":{"line":244,"column":50},"end":{"line":244,"column":91}},"119":{"start":{"line":244,"column":71},"end":{"line":244,"column":90}},"120":{"start":{"line":246,"column":28},"end":{"line":249,"column":3}},"121":{"start":{"line":247,"column":4},"end":{"line":247,"column":26}},"122":{"start":{"line":248,"column":4},"end":{"line":248,"column":29}},"123":{"start":{"line":251,"column":30},"end":{"line":268,"column":3}},"124":{"start":{"line":252,"column":4},"end":{"line":252,"column":30}},"125":{"start":{"line":252,"column":23},"end":{"line":252,"column":30}},"126":{"start":{"line":254,"column":4},"end":{"line":267,"column":5}},"127":{"start":{"line":255,"column":6},"end":{"line":255,"column":40}},"128":{"start":{"line":256,"column":6},"end":{"line":256,"column":67}},"129":{"start":{"line":256,"column":23},"end":{"line":256,"column":65}},"130":{"start":{"line":256,"column":40},"end":{"line":256,"column":64}},"131":{"start":{"line":258,"column":6},"end":{"line":261,"column":8}},"132":{"start":{"line":263,"column":6},"end":{"line":263,"column":32}},"133":{"start":{"line":264,"column":6},"end":{"line":264,"column":28}},"134":{"start":{"line":266,"column":6},"end":{"line":266,"column":69}},"135":{"start":{"line":270,"column":2},"end":{"line":278,"column":3}},"136":{"start":{"line":271,"column":4},"end":{"line":277,"column":6}},"137":{"start":{"line":280,"column":2},"end":{"line":293,"column":3}},"138":{"start":{"line":281,"column":4},"end":{"line":292,"column":6}},"139":{"start":{"line":295,"column":2},"end":{"line":863,"column":4}},"140":{"start":{"line":322,"column":55},"end":{"line":322,"column":73}},"141":{"start":{"line":343,"column":63},"end":{"line":343,"column":81}},"142":{"start":{"line":351,"column":12},"end":{"line":351,"column":45}},"143":{"start":{"line":379,"column":36},"end":{"line":379,"column":53}},"144":{"start":{"line":380,"column":24},"end":{"line":380,"column":46}},"145":{"start":{"line":380,"column":34},"end":{"line":380,"column":46}},"146":{"start":{"line":381,"column":24},"end":{"line":394,"column":26}},"147":{"start":{"line":403,"column":37},"end":{"line":403,"column":57}},"148":{"start":{"line":410,"column":37},"end":{"line":410,"column":55}},"149":{"start":{"line":417,"column":37},"end":{"line":417,"column":60}},"150":{"start":{"line":430,"column":44},"end":{"line":430,"column":63}},"151":{"start":{"line":444,"column":33},"end":{"line":444,"column":83}},"152":{"start":{"line":456,"column":33},"end":{"line":456,"column":90}},"153":{"start":{"line":462,"column":38},"end":{"line":462,"column":72}},"154":{"start":{"line":470,"column":50},"end":{"line":470,"column":90}},"155":{"start":{"line":488,"column":37},"end":{"line":491,"column":22}},"156":{"start":{"line":503,"column":37},"end":{"line":506,"column":22}},"157":{"start":{"line":519,"column":37},"end":{"line":519,"column":134}},"158":{"start":{"line":528,"column":37},"end":{"line":528,"column":99}},"159":{"start":{"line":549,"column":37},"end":{"line":549,"column":88}},"160":{"start":{"line":560,"column":37},"end":{"line":560,"column":88}},"161":{"start":{"line":574,"column":37},"end":{"line":574,"column":95}},"162":{"start":{"line":585,"column":37},"end":{"line":585,"column":91}},"163":{"start":{"line":592,"column":39},"end":{"line":592,"column":80}},"164":{"start":{"line":597,"column":55},"end":{"line":597,"column":74}},"165":{"start":{"line":608,"column":50},"end":{"line":608,"column":75}},"166":{"start":{"line":619,"column":53},"end":{"line":619,"column":78}},"167":{"start":{"line":629,"column":57},"end":{"line":629,"column":89}},"168":{"start":{"line":643,"column":33},"end":{"line":643,"column":101}},"169":{"start":{"line":655,"column":33},"end":{"line":655,"column":108}},"170":{"start":{"line":665,"column":33},"end":{"line":665,"column":105}},"171":{"start":{"line":670,"column":55},"end":{"line":670,"column":87}},"172":{"start":{"line":681,"column":52},"end":{"line":681,"column":79}},"173":{"start":{"line":695,"column":33},"end":{"line":695,"column":91}},"174":{"start":{"line":707,"column":33},"end":{"line":707,"column":98}},"175":{"start":{"line":713,"column":38},"end":{"line":713,"column":80}},"176":{"start":{"line":721,"column":50},"end":{"line":721,"column":98}},"177":{"start":{"line":739,"column":37},"end":{"line":742,"column":22}},"178":{"start":{"line":754,"column":37},"end":{"line":757,"column":22}},"179":{"start":{"line":770,"column":37},"end":{"line":770,"column":142}},"180":{"start":{"line":779,"column":37},"end":{"line":779,"column":107}},"181":{"start":{"line":800,"column":37},"end":{"line":800,"column":96}},"182":{"start":{"line":811,"column":37},"end":{"line":811,"column":96}},"183":{"start":{"line":825,"column":37},"end":{"line":825,"column":103}},"184":{"start":{"line":836,"column":37},"end":{"line":836,"column":99}},"185":{"start":{"line":843,"column":55},"end":{"line":843,"column":82}},"186":{"start":{"line":857,"column":24},"end":{"line":857,"column":45}},"187":{"start":{"line":866,"column":0},"end":{"line":866,"column":35}}},"fnMap":{"0":{"name":"(anonymous_1)","decl":{"start":{"line":16,"column":28},"end":{"line":16,"column":31}},"loc":{"start":{"line":16,"column":33},"end":{"line":864,"column":1}}},"1":{"name":"(anonymous_2)","decl":{"start":{"line":72,"column":12},"end":{"line":72,"column":15}},"loc":{"start":{"line":72,"column":17},"end":{"line":76,"column":3}}},"2":{"name":"(anonymous_3)","decl":{"start":{"line":78,"column":32},"end":{"line":78,"column":37}},"loc":{"start":{"line":78,"column":43},"end":{"line":105,"column":3}}},"3":{"name":"(anonymous_4)","decl":{"start":{"line":92,"column":47},"end":{"line":92,"column":48}},"loc":{"start":{"line":92,"column":52},"end":{"line":92,"column":72}}},"4":{"name":"(anonymous_5)","decl":{"start":{"line":107,"column":23},"end":{"line":107,"column":28}},"loc":{"start":{"line":107,"column":52},"end":{"line":147,"column":3}}},"5":{"name":"(anonymous_6)","decl":{"start":{"line":116,"column":15},"end":{"line":116,"column":19}},"loc":{"start":{"line":116,"column":23},"end":{"line":116,"column":41}}},"6":{"name":"(anonymous_7)","decl":{"start":{"line":149,"column":23},"end":{"line":149,"column":24}},"loc":{"start":{"line":149,"column":38},"end":{"line":152,"column":3}}},"7":{"name":"(anonymous_8)","decl":{"start":{"line":154,"column":30},"end":{"line":154,"column":33}},"loc":{"start":{"line":154,"column":35},"end":{"line":162,"column":3}}},"8":{"name":"(anonymous_9)","decl":{"start":{"line":164,"column":36},"end":{"line":164,"column":41}},"loc":{"start":{"line":164,"column":65},"end":{"line":189,"column":3}}},"9":{"name":"(anonymous_10)","decl":{"start":{"line":175,"column":19},"end":{"line":175,"column":23}},"loc":{"start":{"line":175,"column":27},"end":{"line":175,"column":97}}},"10":{"name":"(anonymous_11)","decl":{"start":{"line":191,"column":25},"end":{"line":191,"column":26}},"loc":{"start":{"line":191,"column":40},"end":{"line":209,"column":3}}},"11":{"name":"(anonymous_12)","decl":{"start":{"line":211,"column":31},"end":{"line":211,"column":36}},"loc":{"start":{"line":211,"column":60},"end":{"line":241,"column":3}}},"12":{"name":"(anonymous_13)","decl":{"start":{"line":222,"column":15},"end":{"line":222,"column":19}},"loc":{"start":{"line":222,"column":23},"end":{"line":225,"column":null}}},"13":{"name":"(anonymous_14)","decl":{"start":{"line":222,"column":32},"end":{"line":222,"column":36}},"loc":{"start":{"line":223,"column":8},"end":{"line":225,"column":16}}},"14":{"name":"(anonymous_15)","decl":{"start":{"line":243,"column":21},"end":{"line":243,"column":22}},"loc":{"start":{"line":243,"column":40},"end":{"line":243,"column":70}}},"15":{"name":"(anonymous_16)","decl":{"start":{"line":243,"column":50},"end":{"line":243,"column":51}},"loc":{"start":{"line":243,"column":55},"end":{"line":243,"column":69}}},"16":{"name":"(anonymous_17)","decl":{"start":{"line":244,"column":26},"end":{"line":244,"column":27}},"loc":{"start":{"line":244,"column":50},"end":{"line":244,"column":91}}},"17":{"name":"(anonymous_18)","decl":{"start":{"line":244,"column":66},"end":{"line":244,"column":67}},"loc":{"start":{"line":244,"column":71},"end":{"line":244,"column":90}}},"18":{"name":"(anonymous_19)","decl":{"start":{"line":246,"column":28},"end":{"line":246,"column":29}},"loc":{"start":{"line":246,"column":43},"end":{"line":249,"column":3}}},"19":{"name":"(anonymous_20)","decl":{"start":{"line":251,"column":30},"end":{"line":251,"column":35}},"loc":{"start":{"line":251,"column":41},"end":{"line":268,"column":3}}},"20":{"name":"(anonymous_21)","decl":{"start":{"line":256,"column":15},"end":{"line":256,"column":19}},"loc":{"start":{"line":256,"column":23},"end":{"line":256,"column":65}}},"21":{"name":"(anonymous_22)","decl":{"start":{"line":256,"column":35},"end":{"line":256,"column":36}},"loc":{"start":{"line":256,"column":40},"end":{"line":256,"column":64}}},"22":{"name":"(anonymous_23)","decl":{"start":{"line":322,"column":49},"end":{"line":322,"column":52}},"loc":{"start":{"line":322,"column":55},"end":{"line":322,"column":73}}},"23":{"name":"(anonymous_24)","decl":{"start":{"line":343,"column":57},"end":{"line":343,"column":60}},"loc":{"start":{"line":343,"column":63},"end":{"line":343,"column":81}}},"24":{"name":"(anonymous_25)","decl":{"start":{"line":350,"column":21},"end":{"line":350,"column":22}},"loc":{"start":{"line":351,"column":12},"end":{"line":351,"column":45}}},"25":{"name":"(anonymous_26)","decl":{"start":{"line":378,"column":37},"end":{"line":378,"column":42}},"loc":{"start":{"line":378,"column":45},"end":{"line":395,"column":23}}},"26":{"name":"(anonymous_27)","decl":{"start":{"line":403,"column":31},"end":{"line":403,"column":34}},"loc":{"start":{"line":403,"column":37},"end":{"line":403,"column":57}}},"27":{"name":"(anonymous_28)","decl":{"start":{"line":410,"column":31},"end":{"line":410,"column":34}},"loc":{"start":{"line":410,"column":37},"end":{"line":410,"column":55}}},"28":{"name":"(anonymous_29)","decl":{"start":{"line":417,"column":31},"end":{"line":417,"column":34}},"loc":{"start":{"line":417,"column":37},"end":{"line":417,"column":60}}},"29":{"name":"(anonymous_30)","decl":{"start":{"line":430,"column":38},"end":{"line":430,"column":41}},"loc":{"start":{"line":430,"column":44},"end":{"line":430,"column":63}}},"30":{"name":"(anonymous_31)","decl":{"start":{"line":444,"column":26},"end":{"line":444,"column":27}},"loc":{"start":{"line":444,"column":33},"end":{"line":444,"column":83}}},"31":{"name":"(anonymous_32)","decl":{"start":{"line":456,"column":26},"end":{"line":456,"column":27}},"loc":{"start":{"line":456,"column":33},"end":{"line":456,"column":90}}},"32":{"name":"(anonymous_33)","decl":{"start":{"line":462,"column":28},"end":{"line":462,"column":29}},"loc":{
[...]
,"E:\\repos\\hearth\\src\\utils\\imageUtils.ts": {"path":"E:\\repos\\hearth\\src\\utils\\imageUtils.ts","statementMap":{"0":{"start":{"line":1,"column":0},"end":{"line":1,"column":57}},"1":{"start":{"line":9,"column":29},"end":{"line":42,"column":1}},"2":{"start":{"line":14,"column":23},"end":{"line":14,"column":47}},"3":{"start":{"line":16,"column":25},"end":{"line":23,"column":4}},"4":{"start":{"line":25,"column":2},"end":{"line":41,"column":3}},"5":{"start":{"line":26,"column":27},"end":{"line":26,"column":71}},"6":{"start":{"line":29,"column":25},"end":{"line":29,"column":61}},"7":{"start":{"line":30,"column":27},"end":{"line":30,"column":73}},"8":{"start":{"line":31,"column":19},"end":{"line":31,"column":49}},"9":{"start":{"line":33,"column":4},"end":{"line":35,"column":5}},"10":{"start":{"line":34,"column":6},"end":{"line":34,"column":94}},"11":{"start":{"line":37,"column":4},"end":{"line":37,"column":26}},"12":{"start":{"line":39,"column":4},"end":{"line":39,"column":53}},"13":{"start":{"line":40,"column":4},"end":{"line":40,"column":48}},"14":{"start":{"line":9,"column":13},"end":{"line":9,"column":29}},"15":{"start":{"line":45,"column":25},"end":{"line":53,"column":1}},"16":{"start":{"line":46,"column":2},"end":{"line":52,"column":5}},"17":{"start":{"line":47,"column":17},"end":{"line":47,"column":28}},"18":{"start":{"line":48,"column":4},"end":{"line":50,"column":6}},"19":{"start":{"line":49,"column":6},"end":{"line":49,"column":33}},"20":{"start":{"line":51,"column":4},"end":{"line":51,"column":129}},"21":{"start":{"line":55,"column":31},"end":{"line":62,"column":1}},"22":{"start":{"line":56,"column":2},"end":{"line":61,"column":5}},"23":{"start":{"line":57,"column":19},"end":{"line":57,"column":35}},"24":{"start":{"line":58,"column":4},"end":{"line":58,"column":59}},"25":{"start":{"line":58,"column":26},"end":{"line":58,"column":58}},"26":{"start":{"line":59,"column":4},"end":{"line":59,"column":28}},"27":{"start":{"line":60,"column":4},"end":{"line":60,"column":31}},"28":{"start":{"line":55,"column":13},"end":{"line":55,"column":31}},"29":{"start":{"line":64,"column":42},"end":{"line":70,"column":1}},"30":{"start":{"line":68,"column":25},"end":{"line":68,"column":59}},"31":{"start":{"line":69,"column":2},"end":{"line":69,"column":41}},"32":{"start":{"line":64,"column":13},"end":{"line":64,"column":42}},"33":{"start":{"line":72,"column":34},"end":{"line":89,"column":1}},"34":{"start":{"line":73,"column":2},"end":{"line":88,"column":5}},"35":{"start":{"line":74,"column":16},"end":{"line":74,"column":27}},"36":{"start":{"line":75,"column":16},"end":{"line":75,"column":41}},"37":{"start":{"line":77,"column":4},"end":{"line":80,"column":6}},"38":{"start":{"line":78,"column":6},"end":{"line":78,"column":31}},"39":{"start":{"line":79,"column":6},"end":{"line":79,"column":56}},"40":{"start":{"line":82,"column":4},"end":{"line":85,"column":6}},"41":{"start":{"line":83,"column":6},"end":{"line":83,"column":31}},"42":{"start":{"line":84,"column":6},"end":{"line":84,"column":48}},"43":{"start":{"line":87,"column":4},"end":{"line":87,"column":18}},"44":{"start":{"line":72,"column":13},"end":{"line":72,"column":34}}},"fnMap":{"0":{"name":"(anonymous_1)","decl":{"start":{"line":9,"column":29},"end":{"line":9,"column":34}},"loc":{"start":{"line":12,"column":19},"end":{"line":42,"column":1}}},"1":{"name":"(anonymous_2)","decl":{"start":{"line":45,"column":25},"end":{"line":45,"column":46}},"loc":{"start":{"line":45,"column":48},"end":{"line":53,"column":1}}},"2":{"name":"(anonymous_3)","decl":{"start":{"line":46,"column":21},"end":{"line":46,"column":22}},"loc":{"start":{"line":46,"column":33},"end":{"line":52,"column":3}}},"3":{"name":"(anonymous_4)","decl":{"start":{"line":48,"column":33},"end":{"line":48,"column":36}},"loc":{"start":{"line":48,"column":38},"end":{"line":50,"column":5}}},"4":{"name":"(anonymous_5)","decl":{"start":{"line":55,"column":31},"end":{"line":55,"column":32}},"loc":{"start":{"line":55,"column":63},"end":{"line":62,"column":1}}},"5":{"name":"(anonymous_6)","decl":{"start":{"line":56,"column":21},"end":{"line":56,"column":22}},"loc":{"start":{"line":56,"column":41},"end":{"line":61,"column":3}}},"6":{"name":"(anonymous_7)","decl":{"start":{"line":58,"column":20},"end":{"line":58,"column":23}},"loc":{"start":{"line":58,"column":26},"end":{"line":58,"column":58}}},"7":{"name":"(anonymous_8)","decl":{"start":{"line":64,"column":42},"end":{"line":64,"column":47}},"loc":{"start":{"line":67,"column":21},"end":{"line":70,"column":1}}},"8":{"name":"(anonymous_9)","decl":{"start":{"line":72,"column":34},"end":{"line":72,"column":35}},"loc":{"start":{"line":72,"column":93},"end":{"line":89,"column":1}}},"9":{"name":"(anonymous_10)","decl":{"start":{"line":73,"column":21},"end":{"line":73,"column":22}},"loc":{"start":{"line":73,"column":41},"end":{"line":88,"column":3}}},"10":{"name":"(anonymous_11)","decl":{"start":{"line":77,"column":17},"end":{"line":77,"column":20}},"loc":{"start":{"line":77,"column":22},"end":{"line":80,"column":5}}},"11":{"name":"(anonymous_12)","decl":{"start":{"line":82,"column":18},"end":{"line":82,"column":21}},"loc":{"start":{"line":82,"column":23},"end":{"line":85,"column":5}}}},"branchMap":{"0":{"loc":{"start":{"line":11,"column":2},"end":{"line":11,"column":34}},"type":"default-arg","locations":[{"start":{"line":11,"column":32},"end":{"line":11,"column":34}}]},"1":{"loc":{"start":{"line":20,"column":14},"end":{"line":20,"column":56}},"type":"cond-expr","locations":[{"start":{"line":20,"column":29},"end":{"line":20,"column":41}},{"start":{"line":20,"column":44},"end":{"line":20,"column":56}}]},"2":{"loc":{"start":{"line":21,"column":13},"end":{"line":21,"column":38}},"type":"cond-expr","locations":[{"start":{"line":21,"column":28},"end":{"line":21,"column":32}},{"start":{"line":21,"column":35},"end":{"line":21,"column":38}}]},"3":{"loc":{"start":{"line":31,"column":19},"end":{"line":31,"column":49}},"type":"cond-expr","locations":[{"start":{"line":31,"column":34},"end":{"line":31,"column":40}},{"start":{"line":31,"column":43},"end":{"line":31,"column":49}}]},"4":{"loc":{"start":{"line":33,"column":4},"end":{"line":35,"column":5}},"type":"if","locations":[{"start":{"line":33,"column":4},"end":{"line":35,"column":5}},{"start":{},"end":{}}]}},"s":{"0":0,"1":0,"2":0,"3":0,"4":0,"5":0,"6":0,"7":0,"8":0,"9":0,"10":0,"11":0,"12":0,"13":0,"14":0,"15":0,"16":0,"17":0,"18":0,"19":0,"20":0,"21":0,"22":0,"23":0,"24":0,"25":0,"26":0,"27":0,"28":0,"29":0,"30":0,"31":0,"32":0,"33":0,"34":0,"35":0,"36":0,"37":0,"38":0,"39":0,"40":0,"41":0,"42":0,"43":0,"44":0},"f":{"0":0,"1":0,"2":0,"3":0,"4":0,"5":0,"6":0,"7":0,"8":0,"9":0,"10":0,"11":0},"b":{"0":[0],"1":[0,0],"2":[0,0],"3":[0,0],"4":[0,0]}}
,"E:\\repos\\hearth\\src\\utils\\validation.ts": {"path":"E:\\repos\\hearth\\src\\utils\\validation.ts","statementMap":{"0":{"start":{"line":8,"column":29},"end":{"line":15,"column":1}},"1":{"start":{"line":9,"column":2},"end":{"line":11,"column":3}},"2":{"start":{"line":10,"column":4},"end":{"line":10,"column":17}},"3":{"start":{"line":13,"column":21},"end":{"line":13,"column":49}},"4":{"start":{"line":14,"column":2},"end":{"line":14,"column":39}},"5":{"start":{"line":8,"column":13},"end":{"line":8,"column":29}},"6":{"start":{"line":20,"column":32},"end":{"line":27,"column":1}},"7":{"start":{"line":21,"column":2},"end":{"line":23,"column":3}},"8":{"start":{"line":22,"column":4},"end":{"line":22,"column":17}},"9":{"start":{"line":25,"column":18},"end":{"line":25,"column":29}},"10":{"start":{"line":26,"column":2},"end":{"line":26,"column":53}},"11":{"start":{"line":20,"column":13},"end":{"line":20,"column":32}},"12":{"start":{"line":32,"column":37},"end":{"line":39,"column":1}},"13":{"start":{"line":33,"column":2},"end":{"line":35,"column":3}},"14":{"start":{"line":34,"column":4},"end":{"line":34,"column":17}},"15":{"start":{"line":37,"column":18},"end":{"line":37,"column":29}},"16":{"start":{"line":38,"column":2},"end":{"line":38,"column":53}},"17":{"start":{"line":32,"column":13},"end":{"line":32,"column":37}},"18":{"start":{"line":44,"column":32},"end":{"line":51,"column":1}},"19":{"start":{"line":45,"column":2},"end":{"line":47,"column":3}},"20":{"start":{"line":46,"column":4},"end":{"line":46,"column":17}},"21":{"start":{"line":50,"column":2},"end":{"line":50,"column":82}},"22":{"start":{"line":44,"column":13},"end":{"line":44,"column":32}},"23":{"start":{"line":56,"column":31},"end":{"line":63,"column":1}},"24":{"start":{"line":57,"column":2},"end":{"line":59,"column":3}},"25":{"start":{"line":58,"column":4},"end":{"line":58,"column":17}},"26":{"start":{"line":61,"column":18},"end":{"line":61,"column":29}},"27":{"start":{"line":62,"column":2},"end":{"line":62,"column":52}},"28":{"start":{"line":56,"column":13},"end":{"line":56,"column":31}},"29":{"start":{"line":68,"column":36},"end":{"line":75,"column":1}},"30":{"start":{"line":69,"column":2},"end":{"line":71,"column":3}},"31":{"start":{"line":70,"column":4},"end":{"line":70,"column":17}},"32":{"start":{"line":73,"column":18},"end":{"line":73,"column":29}},"33":{"start":{"line":74,"column":2},"end":{"line":74,"column":52}},"34":{"start":{"line":68,"column":13},"end":{"line":68,"column":36}},"35":{"start":{"line":80,"column":36},"end":{"line":87,"column":1}},"36":{"start":{"line":81,"column":2},"end":{"line":83,"column":3}},"37":{"start":{"line":82,"column":4},"end":{"line":82,"column":16}},"38":{"start":{"line":85,"column":14},"end":{"line":85,"column":67}},"39":{"start":{"line":86,"column":2},"end":{"line":86,"column":33}},"40":{"start":{"line":80,"column":13},"end":{"line":80,"column":36}},"41":{"start":{"line":92,"column":32},"end":{"line":99,"column":1}},"42":{"start":{"line":93,"column":2},"end":{"line":95,"column":3}},"43":{"start":{"line":94,"column":4},"end":{"line":94,"column":17}},"44":{"start":{"line":97,"column":23},"end":{"line":97,"column":46}},"45":{"start":{"line":98,"column":2},"end":{"line":98,"column":35}},"46":{"start":{"line":92,"column":13},"end":{"line":92,"column":32}},"47":{"start":{"line":104,"column":33},"end":{"line":111,"column":1}},"48":{"start":{"line":105,"column":2},"end":{"line":107,"column":3}},"49":{"start":{"line":106,"column":4},"end":{"line":106,"column":17}},"50":{"start":{"line":109,"column":23},"end":{"line":109,"column":90}},"51":{"start":{"line":110,"column":2},"end":{"line":110,"column":42}},"52":{"start":{"line":104,"column":13},"end":{"line":104,"column":33}}},"fnMap":{"0":{"name":"(anonymous_0)","decl":{"start":{"line":8,"column":29},"end":{"line":8,"column":30}},"loc":{"start":{"line":8,"column":56},"end":{"line":15,"column":1}}},"1":{"name":"(anonymous_1)","decl":{"start":{"line":20,"column":32},"end":{"line":20,"column":33}},"loc":{"start":{"line":20,"column":58},"end":{"line":27,"column":1}}},"2":{"name":"(anonymous_2)","decl":{"start":{"line":32,"column":37},"end":{"line":32,"column":38}},"loc":{"start":{"line":32,"column":63},"end":{"line":39,"column":1}}},"3":{"name":"(anonymous_3)","decl":{"start":{"line":44,"column":32},"end":{"line":44,"column":33}},"loc":{"start":{"line":44,"column":62},"end":{"line":51,"column":1}}},"4":{"name":"(anonymous_4)","decl":{"start":{"line":56,"column":31},"end":{"line":56,"column":32}},"loc":{"start":{"line":56,"column":57},"end":{"line":63,"column":1}}},"5":{"name":"(anonymous_5)","decl":{"start":{"line":68,"column":36},"end":{"line":68,"column":37}},"loc":{"start":{"line":68,"column":62},"end":{"line":75,"column":1}}},"6":{"name":"(anonymous_6)","decl":{"start":{"line":80,"column":36},"end":{"line":80,"column":37}},"loc":{"start":{"line":80,"column":72},"end":{"line":87,"column":1}}},"7":{"name":"(anonymous_7)","decl":{"start":{"line":92,"column":32},"end":{"line":92,"column":33}},"loc":{"start":{"line":92,"column":79},"end":{"line":99,"column":1}}},"8":{"name":"(anonymous_8)","decl":{"start":{"line":104,"column":33},"end":{"line":104,"column":34}},"loc":{"start":{"line":104,"column":57},"end":{"line":111,"column":1}}}},"branchMap":{"0":{"loc":{"start":{"line":9,"column":2},"end":{"line":11,"column":3}},"type":"if","locations":[{"start":{"line":9,"column":2},"end":{"line":11,"column":3}},{"start":{},"end":{}}]},"1":{"loc":{"start":{"line":9,"column":6},"end":{"line":9,"column":41}},"type":"binary-expr","locations":[{"start":{"line":9,"column":6},"end":{"line":9,"column":12}},{"start":{"line":9,"column":16},"end":{"line":9,"column":41}}]},"2":{"loc":{"start":{"line":21,"column":2},"end":{"line":23,"column":3}},"type":"if","locations":[{"start":{"line":21,"column":2},"end":{"line":23,"column":3}},{"start":{},"end":{}}]},"3":{"loc":{"start":{"line":21,"column":6},"end":{"line":21,"column":39}},"type":"binary-expr","locations":[{"start":{"line":21,"column":6},"end":{"line":21,"column":11}},{"start":{"line":21,"column":15},"end":{"line":21,"column":39}}]},"4":{"loc":{"start":{"line":26,"column":9},"end":{"line":26,"column":52}},"type":"binary-expr","locations":[{"start":{"line":26,"column":9},"end":{"line":26,"column":27}},{"start":{"line":26,"column":31},"end":{"line":26,"column":52}}]},"5":{"loc":{"start":{"line":33,"column":2},"end":{"line":35,"column":3}},"type":"if","locations":[{"start":{"line":33,"column":2},"end":{"line":35,"column":3}},{"start":{},"end":{}}]},"6":{"loc":{"start":{"line":33,"column":6},"end":{"line":33,"column":39}},"type":"binary-expr","locations":[{"start":{"line":33,"column":6},"end":{"line":33,"column":11}},{"start":{"line":33,"column":15},"end":{"line":33,"column":39}}]},"7":{"loc":{"start":{"line":38,"column":9},"end":{"line":38,"column":52}},"type":"binary-expr","locations":[{"start":{"line":38,"column":9},"end":{"line":38,"column":27}},{"start":{"line":38,"column":31},"end":{"line":38,"column":52}}]},"8":{"loc":{"start":{"line":45,"column":2},"end":{"line":47,"column":3}},"type":"if","locations":[{"start":{"line":45,"column":2},"end":{"line":47,"column":3}},{"start":{},"end":{}}]},"9":{"loc":{"start":{"line":45,"column":6},"end":{"line":45,"column":47}},"type":"binary-expr","locations":[{"start":{"line":45,"column":6},"end":{"line":45,"column":15}},{"start":{"line":45,"column":19},"end":{"line":45,"column":47}}]},"10":{"loc":{"start":{"line":50,"column":9},"end":{"line":50,"column":81}},"type":"binary-expr","locations":[{"start":{"line":50,"column":9},"end":{"line":50,"column":29}},{"start":{"line":50,"column":33},"end":{"line":50,"column":58}},{"start":{"line":50,"column":62},"end":{"line":50,"column":81}}]},"11":{"loc":{"start":{"line":57,"column":2},"end":{"line":59,"column":3}},"type":"if","locations":[{"start":{"line":57,"column":2},"end":{"line":59,"column":3}},{"start":{},"end":{}}]},"12":{"loc":{"start":{"line":57,"column":6},"end":{"line":57,"column":39}},"type":"binary-expr","locations":[{"start":{"line":57,"column":6},"end":{"line":57,"column":11}},{"start":{"line":57,"column":15},"end":{"line":57,"column":39}}]},"13":{"loc":{"start":{"line":62,"column":9},"end":{"line":62,"column":51}},"type":"binary-expr","locations":[{"start":{"line":62,"column":9},"end":{"line":62,"column":27}},{"start":{"line":62,"column":31},"end":{"line":62,"column":51}}]},"14":{"loc":{"start":{"line":69,"column":2},"end":{"line":71,"column":3}},"type":"if","locations":[{"start":{"line":69,"column":2},"end":{"line":71,"column":3}},{"start":{},"end":{}}]},"15":{"loc":{"start":{"line":69,"column":6},"end":{"line":69,"column":39}},"type":"binary-expr","locations":[{"start":{"line":69,"column":6},"end":{"line":69,"column":11}},{"start":{"line":69,"column":15},"end":{"line":69,"column":39}}]},"16":{"loc":{"start":{"line":74,"column":9},"end":{"line":74,"column":51}},"type":"binary-expr","locations":[{"start":{"line":74,"column":9},"end":{"line":74,"column":27}},{"start":{"line":74,"column":31},"end":{"line":74,"column":51}}]},"17":{"loc":{"start":{"line":81,"column":2},"end":{"line":83,"column":3}},"type":"if","locations":[{"start":{"line":81,"column":2},"end":{"line":83,"column":3}},{"start":{},"end":{}}]},"18":{"loc":{"start":{"line":81,"column":6},"end":{"line":81,"column":59}},"type":"binary-expr","locations":[{"start":{"line":81,"column":6},"end":{"line":81,"column":20}},{"start":{"line":81,"column":24},"end":{"line":81,"column":43}},{"start":{"line":81,"column":47},"end":{"line":81,"column":59}}]},"19":{"loc":{"start":{"line":85,"column":14},"end":{"line":85,"column":67}},"type":"cond-expr","locations":[{"start":{"line":85,"column":42},"end":{"line":85,"column":59}},{"start":{"line":85,"column":62},"end":{"line":85,"column":67}}]},"20":{"loc":{"start":{"line":86,"column":9},"end":{"line":86,"column":32}},"type":"binary-expr","locations":[{"start":{"line":86,"column":9},"end":{"line":86,"column":20}},{"start":{"line":86,"column":24},"end":{"line":86,"column":32}}]},"21":{"loc":{"start":{"line":92,"column":45},"end":{"line":92,"column":66}},"type":"default-arg","locations":[{"start":{"line":92,"column":65},"end":{"line":92,"column":66}}]},"22":{"loc":{"start":{"line":93,"column":2},"end":{"line":95,"column":3}},"type":"if","locations":[{"start":{"line":93,"column":2},"end":{"line":95,"column":3}},{"start":{},"end":{}}]},"23":{"loc":{"start":{"line":105,"column":2},"end":{"line":107,"column":3}},"type":"if","locations":[{"start":{"line":105,"column":2},"end":{"line":107,"column":3}},{"start":{},"end":{}}]}},"s":{"0":1,"1":11,"2":1,"3":10,"4":10,"5":1,"6":1,"7":6,"8":1,"9":5,"10":5,"11":1,"12":1,"13":6,"14":1,"15":5,"16":5,"17":1,"18":1,"19":0,"20":0,"21":0,"22":1,"23":1,"24":0,"25":0,"26":0,"27":0,"28":1,"29":1,"30":0,"31":0,"32":0,"33":0,"34":1,"35":1,"36":0,"37":0,"38":0,"39":0,"40":1,"41":1,"42":0,"43":0,"44":0,"45":0,"46":1,"47":1,"48":0,"49":0,"50":0,"51":0,"52":1},"f":{"0":11,"1":6,"2":6,"3":0,"4":0,"5":0,"6":0,"7":0,"8":0},"b":{"0":[1,10],"1":[11,10],"2":[1,5],"3":[6,5],"4":[5,4],"5":[1,5],"6":[6,5],"7":[5,4],"8":[0,0],"9":[0,0],"10":[0,0,0],"11":[0,0],"12":[0,0],"13":[0,0],"14":[0,0],"15":[0,0],"16":[0,0],"17":[0,0],"18":[0,0,0],"19":[0,0],"20":[0,0],"21":[0],"22":[0,0],"23":[0,0]}}
}
