TN:
SF:src\App.tsx
FN:17,(anonymous_10)
FN:17,(anonymous_11)
FN:18,(anonymous_12)
FN:18,(anonymous_13)
FN:19,(anonymous_14)
FN:19,(anonymous_15)
FN:20,(anonymous_16)
FN:20,(anonymous_17)
FN:21,(anonymous_18)
FN:21,(anonymous_19)
FN:22,(anonymous_20)
FN:22,(anonymous_21)
FN:25,(anonymous_22)
FN:33,App
FN:37,(anonymous_24)
FN:38,(anonymous_25)
FNF:16
FNH:0
FNDA:0,(anonymous_10)
FNDA:0,(anonymous_11)
FNDA:0,(anonymous_12)
FNDA:0,(anonymous_13)
FNDA:0,(anonymous_14)
FNDA:0,(anonymous_15)
FNDA:0,(anonymous_16)
FNDA:0,(anonymous_17)
FNDA:0,(anonymous_18)
FNDA:0,(anonymous_19)
FNDA:0,(anonymous_20)
FNDA:0,(anonymous_21)
FNDA:0,(anonymous_22)
FNDA:0,App
FNDA:0,(anonymous_24)
FNDA:0,(anonymous_25)
DA:2,0
DA:3,0
DA:4,0
DA:5,0
DA:6,0
DA:7,0
DA:8,0
DA:9,0
DA:10,0
DA:11,0
DA:12,0
DA:13,0
DA:14,0
DA:17,0
DA:18,0
DA:19,0
DA:20,0
DA:21,0
DA:22,0
DA:25,0
DA:26,0
DA:34,0
DA:37,0
DA:38,0
DA:39,0
DA:40,0
DA:41,0
DA:43,0
DA:44,0
DA:48,0
DA:51,0
DA:109,0
LF:32
LH:0
BRDA:39,0,0,0
BRDA:39,0,1,0
BRF:2
BRH:0
end_of_record
TN:
SF:src\components\AuthProvider.tsx
FN:9,(anonymous_0)
FN:12,(anonymous_1)
FN:13,(anonymous_2)
FN:18,(anonymous_3)
FNF:4
FNH:0
FNDA:0,(anonymous_0)
FNDA:0,(anonymous_1)
FNDA:0,(anonymous_2)
FNDA:0,(anonymous_3)
DA:1,0
DA:2,0
DA:3,0
DA:9,0
DA:10,0
DA:12,0
DA:13,0
DA:14,0
DA:15,0
DA:18,0
DA:21,0
DA:24,0
LF:12
LH:0
BRF:0
BRH:0
end_of_record
TN:
SF:src\components\CategorySelector.tsx
FN:14,(anonymous_0)
FN:25,(anonymous_1)
FN:31,(anonymous_2)
FN:42,(anonymous_3)
FN:54,(anonymous_4)
FN:69,(anonymous_5)
FN:76,(anonymous_6)
FN:91,(anonymous_7)
FN:91,(anonymous_8)
FN:101,(anonymous_9)
FN:105,(anonymous_10)
FN:118,(anonymous_11)
FN:122,(anonymous_12)
FN:137,(anonymous_13)
FN:149,(anonymous_14)
FN:158,(anonymous_15)
FN:161,(anonymous_16)
FN:186,(anonymous_17)
FN:197,(anonymous_18)
FN:207,(anonymous_19)
FN:211,(anonymous_20)
FN:230,(anonymous_21)
FNF:22
FNH:0
FNDA:0,(anonymous_0)
FNDA:0,(anonymous_1)
FNDA:0,(anonymous_2)
FNDA:0,(anonymous_3)
FNDA:0,(anonymous_4)
FNDA:0,(anonymous_5)
FNDA:0,(anonymous_6)
FNDA:0,(anonymous_7)
FNDA:0,(anonymous_8)
FNDA:0,(anonymous_9)
FNDA:0,(anonymous_10)
FNDA:0,(anonymous_11)
FNDA:0,(anonymous_12)
FNDA:0,(anonymous_13)
FNDA:0,(anonymous_14)
FNDA:0,(anonymous_15)
FNDA:0,(anonymous_16)
FNDA:0,(anonymous_17)
FNDA:0,(anonymous_18)
FNDA:0,(anonymous_19)
FNDA:0,(anonymous_20)
FNDA:0,(anonymous_21)
DA:1,0
DA:2,0
DA:3,0
DA:4,0
DA:5,0
DA:14,0
DA:15,0
DA:16,0
DA:17,0
DA:18,0
DA:19,0
DA:20,0
DA:22,0
DA:23,0
DA:25,0
DA:26,0
DA:27,0
DA:31,0
DA:32,0
DA:34,0
DA:35,0
DA:36,0
DA:38,0
DA:42,0
DA:43,0
DA:44,0
DA:46,0
DA:48,0
DA:49,0
DA:54,0
DA:55,0
DA:57,0
DA:59,0
DA:60,0
DA:61,0
DA:63,0
DA:65,0
DA:69,0
DA:70,0
DA:72,0
DA:74,0
DA:75,0
DA:76,0
DA:78,0
DA:83,0
DA:85,0
DA:87,0
DA:91,0
DA:92,0
DA:94,0
DA:101,0
DA:106,0
DA:118,0
DA:122,0
DA:137,0
DA:149,0
DA:158,0
DA:162,0
DA:186,0
DA:197,0
DA:208,0
DA:211,0
DA:230,0
DA:239,0
LF:64
LH:0
BRDA:26,0,0,0
BRDA:26,0,1,0
BRDA:32,1,0,0
BRDA:32,1,1,0
BRDA:44,2,0,0
BRDA:44,2,1,0
BRDA:44,3,0,0
BRDA:44,3,1,0
BRDA:51,4,0,0
BRDA:51,4,1,0
BRDA:70,5,0,0
BRDA:70,5,1,0
BRDA:92,6,0,0
BRDA:92,6,1,0
BRDA:100,7,0,0
BRDA:100,7,1,0
BRDA:101,8,0,0
BRDA:101,8,1,0
BRDA:112,9,0,0
BRDA:112,9,1,0
BRDA:130,10,0,0
BRDA:130,10,1,0
BRDA:173,11,0,0
BRDA:173,11,1,0
BRDA:177,12,0,0
BRDA:177,12,1,0
BRDA:189,13,0,0
BRDA:189,13,1,0
BRDA:190,14,0,0
BRDA:190,14,1,0
BRF:30
BRH:0
end_of_record
TN:
SF:src\components\DemoModeIndicator.tsx
FN:4,(anonymous_0)
FNF:1
FNH:0
FNDA:0,(anonymous_0)
DA:1,0
DA:2,0
DA:4,0
DA:5,0
DA:6,0
DA:9,0
DA:29,0
LF:7
LH:0
BRDA:5,0,0,0
BRDA:5,0,1,0
BRF:2
BRH:0
end_of_record
TN:
SF:src\components\ImageUpload.tsx
FN:11,(anonymous_0)
FN:17,(anonymous_1)
FN:43,(anonymous_2)
FNF:3
FNH:0
FNDA:0,(anonymous_0)
FNDA:0,(anonymous_1)
FNDA:0,(anonymous_2)
DA:1,0
DA:2,0
DA:3,0
DA:11,0
DA:12,0
DA:13,0
DA:14,0
DA:15,0
DA:17,0
DA:18,0
DA:19,0
DA:21,0
DA:22,0
DA:23,0
DA:26,0
DA:27,0
DA:30,0
DA:31,0
DA:32,0
DA:35,0
DA:36,0
DA:37,0
DA:40,0
DA:43,0
DA:44,0
DA:45,0
DA:49,0
DA:50,0
DA:51,0
DA:52,0
DA:56,0
DA:103,0
LF:32
LH:0
BRDA:12,0,0,0
BRDA:12,0,1,0
BRDA:19,1,0,0
BRDA:19,1,1,0
BRDA:64,2,0,0
BRDA:64,2,1,0
BRDA:71,3,0,0
BRDA:71,3,1,0
BRDA:78,4,0,0
BRDA:78,4,1,0
BRDA:78,4,2,0
BRDA:84,5,0,0
BRDA:84,5,1,0
BRF:13
BRH:0
end_of_record
TN:
SF:src\components\InventoryStats.tsx
FN:9,(anonymous_0)
FN:20,(anonymous_1)
FN:26,(anonymous_2)
FN:40,(anonymous_3)
FNF:4
FNH:0
FNDA:0,(anonymous_0)
FNDA:0,(anonymous_1)
FNDA:0,(anonymous_2)
FNDA:0,(anonymous_3)
DA:1,0
DA:2,0
DA:3,0
DA:4,0
DA:5,0
DA:6,0
DA:9,0
DA:10,0
DA:16,0
DA:18,0
DA:20,0
DA:21,0
DA:22,0
DA:26,0
DA:27,0
DA:29,0
DA:30,0
DA:33,0
DA:40,0
DA:41,0
DA:42,0
DA:45,0
DA:52,0
DA:55,0
DA:59,0
DA:60,0
DA:63,0
DA:95,0
LF:28
LH:0
BRDA:21,0,0,0
BRDA:21,0,1,0
BRDA:27,1,0,0
BRDA:27,1,1,0
BRDA:41,2,0,0
BRDA:41,2,1,0
BRDA:41,2,2,0
BRDA:59,3,0,0
BRDA:59,3,1,0
BRDA:59,4,0,0
BRDA:59,4,1,0
BRDA:82,5,0,0
BRDA:82,5,1,0
BRF:13
BRH:0
end_of_record
TN:
SF:src\components\Navbar.tsx
FN:9,(anonymous_1)
FN:14,(anonymous_2)
FN:19,(anonymous_3)
FN:23,(anonymous_4)
FNF:4
FNH:0
FNDA:0,(anonymous_1)
FNDA:0,(anonymous_2)
FNDA:0,(anonymous_3)
FNDA:0,(anonymous_4)
DA:2,0
DA:3,0
DA:4,0
DA:5,0
DA:6,0
DA:7,0
DA:9,0
DA:10,0
DA:11,0
DA:14,0
DA:15,0
DA:19,0
DA:20,0
DA:23,0
DA:24,0
DA:27,0
DA:76,0
LF:17
LH:0
BRDA:15,0,0,0
BRDA:15,0,1,0
BRDA:28,1,0,0
BRDA:28,1,1,0
BRDA:28,2,0,0
BRDA:28,2,1,0
BRDA:35,3,0,0
BRDA:35,3,1,0
BRDA:43,4,0,0
BRDA:43,4,1,0
BRDA:44,5,0,0
BRDA:44,5,1,0
BRDA:50,6,0,0
BRDA:50,6,1,0
BRDA:52,7,0,0
BRDA:52,7,1,0
BRDA:54,8,0,0
BRDA:54,8,1,0
BRDA:58,9,0,0
BRDA:58,9,1,0
BRF:20
BRH:0
end_of_record
TN:
SF:src\components\NotificationSystem.tsx
FN:26,(anonymous_0)
FN:38,(anonymous_1)
FN:41,(anonymous_2)
FN:49,(anonymous_3)
FN:53,(anonymous_4)
FN:59,(anonymous_5)
FN:60,(anonymous_6)
FN:60,(anonymous_7)
FN:63,(anonymous_8)
FN:67,(anonymous_9)
FN:71,(anonymous_10)
FN:75,(anonymous_11)
FN:79,(anonymous_12)
FN:89,(anonymous_13)
FN:110,(anonymous_14)
FN:114,(anonymous_15)
FN:128,(anonymous_16)
FNF:17
FNH:0
FNDA:0,(anonymous_0)
FNDA:0,(anonymous_1)
FNDA:0,(anonymous_2)
FNDA:0,(anonymous_3)
FNDA:0,(anonymous_4)
FNDA:0,(anonymous_5)
FNDA:0,(anonymous_6)
FNDA:0,(anonymous_7)
FNDA:0,(anonymous_8)
FNDA:0,(anonymous_9)
FNDA:0,(anonymous_10)
FNDA:0,(anonymous_11)
FNDA:0,(anonymous_12)
FNDA:0,(anonymous_13)
FNDA:0,(anonymous_14)
FNDA:0,(anonymous_15)
FNDA:0,(anonymous_16)
DA:1,0
DA:2,0
DA:24,0
DA:26,0
DA:27,0
DA:28,0
DA:29,0
DA:31,0
DA:38,0
DA:39,0
DA:41,0
DA:42,0
DA:43,0
DA:49,0
DA:52,0
DA:53,0
DA:54,0
DA:59,0
DA:60,0
DA:63,0
DA:64,0
DA:67,0
DA:68,0
DA:71,0
DA:72,0
DA:75,0
DA:76,0
DA:79,0
DA:80,0
DA:81,0
DA:82,0
DA:83,0
DA:84,0
DA:85,0
DA:89,0
DA:90,0
DA:91,0
DA:92,0
DA:93,0
DA:94,0
DA:95,0
DA:99,0
DA:111,0
DA:114,0
DA:129,0
DA:130,0
LF:46
LH:0
BRDA:28,0,0,0
BRDA:28,0,1,0
BRDA:52,1,0,0
BRDA:52,1,1,0
BRDA:52,2,0,0
BRDA:52,2,1,0
BRDA:80,3,0,0
BRDA:80,3,1,0
BRDA:80,3,2,0
BRDA:80,3,3,0
BRDA:80,3,4,0
BRDA:90,4,0,0
BRDA:90,4,1,0
BRDA:90,4,2,0
BRDA:90,4,3,0
BRDA:90,4,4,0
BRDA:116,5,0,0
BRDA:116,5,1,0
BRDA:116,6,0,0
BRDA:116,6,1,0
BRDA:118,7,0,0
BRDA:118,7,1,0
BRDA:118,8,0,0
BRDA:118,8,1,0
BRDA:122,9,0,0
BRDA:122,9,1,0
BRDA:122,9,2,0
BRDA:124,10,0,0
BRDA:124,10,1,0
BRDA:125,11,0,0
BRDA:125,11,1,0
BRF:31
BRH:0
end_of_record
TN:
SF:src\components\PWAUpdatePrompt.tsx
FN:4,(anonymous_0)
FN:10,(anonymous_1)
FN:15,(anonymous_2)
FN:20,(anonymous_3)
FN:25,(anonymous_4)
FN:31,(anonymous_5)
FN:37,(anonymous_6)
FN:43,(anonymous_7)
FN:48,(anonymous_8)
FN:98,(anonymous_9)
FNF:10
FNH:0
FNDA:0,(anonymous_0)
FNDA:0,(anonymous_1)
FNDA:0,(anonymous_2)
FNDA:0,(anonymous_3)
FNDA:0,(anonymous_4)
FNDA:0,(anonymous_5)
FNDA:0,(anonymous_6)
FNDA:0,(anonymous_7)
FNDA:0,(anonymous_8)
FNDA:0,(anonymous_9)
DA:1,0
DA:2,0
DA:4,0
DA:5,0
DA:6,0
DA:7,0
DA:10,0
DA:12,0
DA:14,0
DA:16,0
DA:17,0
DA:20,0
DA:21,0
DA:22,0
DA:26,0
DA:31,0
DA:32,0
DA:33,0
DA:37,0
DA:38,0
DA:39,0
DA:43,0
DA:44,0
DA:45,0
DA:48,0
DA:49,0
DA:50,0
DA:53,0
DA:98,0
DA:113,0
LF:30
LH:0
BRDA:12,0,0,0
BRDA:12,0,1,0
BRDA:32,1,0,0
BRDA:32,1,1,0
BRDA:38,2,0,0
BRDA:38,2,1,0
BRF:6
BRH:0
end_of_record
TN:
SF:src\components\ProtectedRoute.tsx
FN:9,(anonymous_0)
FNF:1
FNH:0
FNDA:0,(anonymous_0)
DA:1,0
DA:2,0
DA:3,0
DA:9,0
DA:10,0
DA:12,0
DA:13,0
DA:22,0
DA:23,0
DA:26,0
DA:29,0
LF:11
LH:0
BRDA:12,0,0,0
BRDA:12,0,1,0
BRDA:22,1,0,0
BRDA:22,1,1,0
BRF:4
BRH:0
end_of_record
TN:
SF:src\components\QRCodeModal.tsx
FN:11,(anonymous_0)
FN:14,(anonymous_1)
FN:62,(anonymous_2)
FN:68,(anonymous_3)
FN:97,(anonymous_4)
FN:106,(anonymous_5)
FNF:6
FNH:0
FNDA:0,(anonymous_0)
FNDA:0,(anonymous_1)
FNDA:0,(anonymous_2)
FNDA:0,(anonymous_3)
FNDA:0,(anonymous_4)
FNDA:0,(anonymous_5)
DA:1,0
DA:2,0
DA:11,0
DA:12,0
DA:14,0
DA:16,0
DA:17,0
DA:20,0
DA:21,0
DA:24,0
DA:58,0
DA:59,0
DA:62,0
DA:63,0
DA:64,0
DA:68,0
DA:70,0
DA:71,0
DA:74,0
DA:77,0
DA:78,0
DA:81,0
DA:84,0
DA:85,0
DA:86,0
DA:89,0
DA:90,0
DA:93,0
DA:94,0
DA:95,0
DA:97,0
DA:99,0
DA:100,0
DA:103,0
DA:106,0
DA:107,0
DA:109,0
DA:110,0
DA:111,0
DA:112,0
DA:113,0
DA:114,0
DA:115,0
DA:118,0
DA:119,0
DA:123,0
DA:126,0
DA:162,0
LF:48
LH:0
BRDA:17,0,0,0
BRDA:17,0,1,0
BRDA:21,1,0,0
BRDA:21,1,1,0
BRDA:71,2,0,0
BRDA:71,2,1,0
BRDA:86,3,0,0
BRDA:86,3,1,0
BRDA:107,4,0,0
BRDA:107,4,1,0
BRF:10
BRH:0
end_of_record
TN:
SF:src\components\SkeletonLoader.tsx
FN:8,(anonymous_0)
FN:13,(anonymous_1)
FN:38,(anonymous_2)
FNF:3
FNH:0
FNDA:0,(anonymous_0)
FNDA:0,(anonymous_1)
FNDA:0,(anonymous_2)
DA:1,0
DA:8,0
DA:9,0
DA:10,0
DA:14,0
DA:35,0
DA:36,0
DA:39,0
DA:67,0
DA:68,0
DA:107,0
DA:110,0
LF:12
LH:0
BRDA:8,0,0,0
BRDA:9,1,0,0
BRDA:9,1,1,0
BRDA:35,2,0,0
BRDA:35,2,1,0
BRDA:67,3,0,0
BRDA:67,3,1,0
BRF:7
BRH:0
end_of_record
TN:
SF:src\pages\ContainerDetailPage.tsx
FN:16,(anonymous_1)
FN:72,(anonymous_2)
FN:78,(anonymous_3)
FN:92,(anonymous_4)
FN:107,(anonymous_5)
FN:116,(anonymous_6)
FN:149,(anonymous_7)
FN:154,(anonymous_8)
FN:164,(anonymous_9)
FN:175,(anonymous_10)
FN:191,(anonymous_11)
FN:211,(anonymous_12)
FN:222,(anonymous_13)
FN:222,(anonymous_14)
FN:243,(anonymous_15)
FN:243,(anonymous_16)
FN:244,(anonymous_17)
FN:244,(anonymous_18)
FN:246,(anonymous_19)
FN:251,(anonymous_20)
FN:256,(anonymous_21)
FN:256,(anonymous_22)
FN:322,(anonymous_23)
FN:343,(anonymous_24)
FN:350,(anonymous_25)
FN:378,(anonymous_26)
FN:403,(anonymous_27)
FN:410,(anonymous_28)
FN:417,(anonymous_29)
FN:430,(anonymous_30)
FN:444,(anonymous_31)
FN:456,(anonymous_32)
FN:462,(anonymous_33)
FN:470,(anonymous_34)
FN:488,(anonymous_35)
FN:503,(anonymous_36)
FN:519,(anonymous_37)
FN:528,(anonymous_38)
FN:549,(anonymous_39)
FN:560,(anonymous_40)
FN:574,(anonymous_41)
FN:585,(anonymous_42)
FN:592,(anonymous_43)
FN:597,(anonymous_44)
FN:608,(anonymous_45)
FN:619,(anonymous_46)
FN:629,(anonymous_47)
FN:643,(anonymous_48)
FN:655,(anonymous_49)
FN:665,(anonymous_50)
FN:670,(anonymous_51)
FN:681,(anonymous_52)
FN:695,(anonymous_53)
FN:707,(anonymous_54)
FN:713,(anonymous_55)
FN:721,(anonymous_56)
FN:739,(anonymous_57)
FN:754,(anonymous_58)
FN:770,(anonymous_59)
FN:779,(anonymous_60)
FN:800,(anonymous_61)
FN:811,(anonymous_62)
FN:825,(anonymous_63)
FN:836,(anonymous_64)
FN:843,(anonymous_65)
FN:857,(anonymous_66)
FNF:66
FNH:0
FNDA:0,(anonymous_1)
FNDA:0,(anonymous_2)
FNDA:0,(anonymous_3)
FNDA:0,(anonymous_4)
FNDA:0,(anonymous_5)
FNDA:0,(anonymous_6)
FNDA:0,(anonymous_7)
FNDA:0,(anonymous_8)
FNDA:0,(anonymous_9)
FNDA:0,(anonymous_10)
FNDA:0,(anonymous_11)
FNDA:0,(anonymous_12)
FNDA:0,(anonymous_13)
FNDA:0,(anonymous_14)
FNDA:0,(anonymous_15)
FNDA:0,(anonymous_16)
FNDA:0,(anonymous_17)
FNDA:0,(anonymous_18)
FNDA:0,(anonymous_19)
FNDA:0,(anonymous_20)
FNDA:0,(anonymous_21)
FNDA:0,(anonymous_22)
FNDA:0,(anonymous_23)
FNDA:0,(anonymous_24)
FNDA:0,(anonymous_25)
FNDA:0,(anonymous_26)
FNDA:0,(anonymous_27)
FNDA:0,(anonymous_28)
FNDA:0,(anonymous_29)
FNDA:0,(anonymous_30)
FNDA:0,(anonymous_31)
FNDA:0,(anonymous_32)
FNDA:0,(anonymous_33)
FNDA:0,(anonymous_34)
FNDA:0,(anonymous_35)
FNDA:0,(anonymous_36)
FNDA:0,(anonymous_37)
FNDA:0,(anonymous_38)
FNDA:0,(anonymous_39)
FNDA:0,(anonymous_40)
FNDA:0,(anonymous_41)
FNDA:0,(anonymous_42)
FNDA:0,(anonymous_43)
FNDA:0,(anonymous_44)
FNDA:0,(anonymous_45)
FNDA:0,(anonymous_46)
FNDA:0,(anonymous_47)
FNDA:0,(anonymous_48)
FNDA:0,(anonymous_49)
FNDA:0,(anonymous_50)
FNDA:0,(anonymous_51)
FNDA:0,(anonymous_52)
FNDA:0,(anonymous_53)
FNDA:0,(anonymous_54)
FNDA:0,(anonymous_55)
FNDA:0,(anonymous_56)
FNDA:0,(anonymous_57)
FNDA:0,(anonymous_58)
FNDA:0,(anonymous_59)
FNDA:0,(anonymous_60)
FNDA:0,(anonymous_61)
FNDA:0,(anonymous_62)
FNDA:0,(anonymous_63)
FNDA:0,(anonymous_64)
FNDA:0,(anonymous_65)
FNDA:0,(anonymous_66)
DA:1,0
DA:2,0
DA:3,0
DA:4,0
DA:5,0
DA:6,0
DA:7,0
DA:8,0
DA:9,0
DA:10,0
DA:11,0
DA:12,0
DA:13,0
DA:16,0
DA:17,0
DA:18,0
DA:19,0
DA:20,0
DA:21,0
DA:22,0
DA:23,0
DA:24,0
DA:25,0
DA:26,0
DA:27,0
DA:28,0
DA:29,0
DA:30,0
DA:31,0
DA:32,0
DA:33,0
DA:48,0
DA:53,0
DA:69,0
DA:70,0
DA:72,0
DA:73,0
DA:74,0
DA:78,0
DA:79,0
DA:81,0
DA:82,0
DA:85,0
DA:92,0
DA:93,0
DA:94,0
DA:95,0
DA:96,0
DA:97,0
DA:99,0
DA:101,0
DA:103,0
DA:107,0
DA:108,0
DA:109,0
DA:111,0
DA:112,0
DA:114,0
DA:115,0
DA:116,0
DA:119,0
DA:125,0
DA:140,0
DA:142,0
DA:143,0
DA:145,0
DA:149,0
DA:150,0
DA:151,0
DA:154,0
DA:155,0
DA:156,0
DA:161,0
DA:164,0
DA:165,0
DA:166,0
DA:168,0
DA:169,0
DA:171,0
DA:172,0
DA:175,0
DA:177,0
DA:182,0
DA:184,0
DA:185,0
DA:187,0
DA:191,0
DA:192,0
DA:193,0
DA:208,0
DA:211,0
DA:212,0
DA:213,0
DA:215,0
DA:216,0
DA:218,0
DA:219,0
DA:222,0
DA:223,0
DA:228,0
DA:233,0
DA:234,0
DA:236,0
DA:237,0
DA:239,0
DA:243,0
DA:244,0
DA:246,0
DA:247,0
DA:248,0
DA:251,0
DA:252,0
DA:254,0
DA:255,0
DA:256,0
DA:258,0
DA:263,0
DA:264,0
DA:266,0
DA:270,0
DA:271,0
DA:280,0
DA:281,0
DA:295,0
DA:322,0
DA:343,0
DA:351,0
DA:379,0
DA:380,0
DA:381,0
DA:403,0
DA:410,0
DA:417,0
DA:430,0
DA:444,0
DA:456,0
DA:462,0
DA:470,0
DA:488,0
DA:503,0
DA:519,0
DA:528,0
DA:549,0
DA:560,0
DA:574,0
DA:585,0
DA:592,0
DA:597,0
DA:608,0
DA:619,0
DA:629,0
DA:643,0
DA:655,0
DA:665,0
DA:670,0
DA:681,0
DA:695,0
DA:707,0
DA:713,0
DA:721,0
DA:739,0
DA:754,0
DA:770,0
DA:779,0
DA:800,0
DA:811,0
DA:825,0
DA:836,0
DA:843,0
DA:857,0
DA:866,0
LF:171
LH:0
BRDA:36,0,0,0
BRDA:36,0,1,0
BRDA:56,1,0,0
BRDA:56,1,1,0
BRDA:73,2,0,0
BRDA:73,2,1,0
BRDA:73,3,0,0
BRDA:73,3,1,0
BRDA:79,4,0,0
BRDA:79,4,1,0
BRDA:79,5,0,0
BRDA:79,5,1,0
BRDA:93,6,0,0
BRDA:93,6,1,0
BRDA:109,7,0,0
BRDA:109,7,1,0
BRDA:109,8,0,0
BRDA:109,8,1,0
BRDA:155,9,0,0
BRDA:155,9,1,0
BRDA:158,10,0,0
BRDA:158,10,1,0
BRDA:159,11,0,0
BRDA:159,11,1,0
BRDA:166,12,0,0
BRDA:166,12,1,0
BRDA:166,13,0,0
BRDA:166,13,1,0
BRDA:175,14,0,0
BRDA:175,14,1,0
BRDA:195,15,0,0
BRDA:195,15,1,0
BRDA:197,16,0,0
BRDA:197,16,1,0
BRDA:203,17,0,0
BRDA:203,17,1,0
BRDA:204,18,0,0
BRDA:204,18,1,0
BRDA:205,19,0,0
BRDA:205,19,1,0
BRDA:206,20,0,0
BRDA:206,20,1,0
BRDA:213,21,0,0
BRDA:213,21,1,0
BRDA:213,22,0,0
BRDA:213,22,1,0
BRDA:223,23,0,0
BRDA:223,23,1,0
BRDA:252,24,0,0
BRDA:252,24,1,0
BRDA:270,25,0,0
BRDA:270,25,1,0
BRDA:280,26,0,0
BRDA:280,26,1,0
BRDA:311,27,0,0
BRDA:311,27,1,0
BRDA:314,28,0,0
BRDA:314,28,1,0
BRDA:330,29,0,0
BRDA:330,29,1,0
BRDA:353,30,0,0
BRDA:353,30,1,0
BRDA:362,31,0,0
BRDA:362,31,1,0
BRDA:367,32,0,0
BRDA:367,32,1,0
BRDA:370,33,0,0
BRDA:370,33,1,0
BRDA:376,34,0,0
BRDA:376,34,1,0
BRDA:376,34,2,0
BRDA:380,35,0,0
BRDA:380,35,1,0
BRDA:436,36,0,0
BRDA:436,36,1,0
BRDA:461,37,0,0
BRDA:461,37,1,0
BRDA:487,38,0,0
BRDA:487,38,1,0
BRDA:490,39,0,0
BRDA:490,39,1,0
BRDA:490,40,0,0
BRDA:490,40,1,0
BRDA:502,41,0,0
BRDA:502,41,1,0
BRDA:505,42,0,0
BRDA:505,42,1,0
BRDA:505,43,0,0
BRDA:505,43,1,0
BRDA:518,44,0,0
BRDA:518,44,1,0
BRDA:519,45,0,0
BRDA:519,45,1,0
BRDA:527,46,0,0
BRDA:527,46,1,0
BRDA:548,47,0,0
BRDA:548,47,1,0
BRDA:559,48,0,0
BRDA:559,48,1,0
BRDA:573,49,0,0
BRDA:573,49,1,0
BRDA:584,50,0,0
BRDA:584,50,1,0
BRDA:601,51,0,0
BRDA:601,51,1,0
BRDA:635,52,0,0
BRDA:635,52,1,0
BRDA:674,53,0,0
BRDA:674,53,1,0
BRDA:687,54,0,0
BRDA:687,54,1,0
BRDA:712,55,0,0
BRDA:712,55,1,0
BRDA:738,56,0,0
BRDA:738,56,1,0
BRDA:741,57,0,0
BRDA:741,57,1,0
BRDA:741,58,0,0
BRDA:741,58,1,0
BRDA:753,59,0,0
BRDA:753,59,1,0
BRDA:756,60,0,0
BRDA:756,60,1,0
BRDA:756,61,0,0
BRDA:756,61,1,0
BRDA:769,62,0,0
BRDA:769,62,1,0
BRDA:770,63,0,0
BRDA:770,63,1,0
BRDA:778,64,0,0
BRDA:778,64,1,0
BRDA:799,65,0,0
BRDA:799,65,1,0
BRDA:810,66,0,0
BRDA:810,66,1,0
BRDA:824,67,0,0
BRDA:824,67,1,0
BRDA:835,68,0,0
BRDA:835,68,1,0
BRDA:847,69,0,0
BRDA:847,69,1,0
BRDA:854,70,0,0
BRDA:854,70,1,0
BRF:143
BRH:0
end_of_record
TN:
SF:src\pages\ContainersPage.tsx
FN:11,(anonymous_1)
FN:40,(anonymous_2)
FN:47,(anonymous_3)
FN:56,(anonymous_4)
FN:72,(anonymous_5)
FN:73,(anonymous_6)
FN:88,(anonymous_7)
FN:97,(anonymous_8)
FN:100,(anonymous_9)
FN:119,(anonymous_10)
FN:124,(anonymous_11)
FN:134,(anonymous_12)
FN:139,(anonymous_13)
FN:150,(anonymous_14)
FN:150,(anonymous_15)
FN:172,(anonymous_16)
FN:177,(anonymous_17)
FN:177,(anonymous_18)
FN:180,(anonymous_19)
FN:204,(anonymous_20)
FN:232,(anonymous_21)
FN:239,(anonymous_22)
FN:261,(anonymous_23)
FN:268,(anonymous_24)
FN:275,(anonymous_25)
FN:288,(anonymous_26)
FN:302,(anonymous_27)
FN:314,(anonymous_28)
FN:324,(anonymous_29)
FN:329,(anonymous_30)
FN:340,(anonymous_31)
FN:354,(anonymous_32)
FN:366,(anonymous_33)
FN:376,(anonymous_34)
FN:381,(anonymous_35)
FN:392,(anonymous_36)
FN:403,(anonymous_37)
FN:416,(anonymous_38)
FNF:38
FNH:0
FNDA:0,(anonymous_1)
FNDA:0,(anonymous_2)
FNDA:0,(anonymous_3)
FNDA:0,(anonymous_4)
FNDA:0,(anonymous_5)
FNDA:0,(anonymous_6)
FNDA:0,(anonymous_7)
FNDA:0,(anonymous_8)
FNDA:0,(anonymous_9)
FNDA:0,(anonymous_10)
FNDA:0,(anonymous_11)
FNDA:0,(anonymous_12)
FNDA:0,(anonymous_13)
FNDA:0,(anonymous_14)
FNDA:0,(anonymous_15)
FNDA:0,(anonymous_16)
FNDA:0,(anonymous_17)
FNDA:0,(anonymous_18)
FNDA:0,(anonymous_19)
FNDA:0,(anonymous_20)
FNDA:0,(anonymous_21)
FNDA:0,(anonymous_22)
FNDA:0,(anonymous_23)
FNDA:0,(anonymous_24)
FNDA:0,(anonymous_25)
FNDA:0,(anonymous_26)
FNDA:0,(anonymous_27)
FNDA:0,(anonymous_28)
FNDA:0,(anonymous_29)
FNDA:0,(anonymous_30)
FNDA:0,(anonymous_31)
FNDA:0,(anonymous_32)
FNDA:0,(anonymous_33)
FNDA:0,(anonymous_34)
FNDA:0,(anonymous_35)
FNDA:0,(anonymous_36)
FNDA:0,(anonymous_37)
FNDA:0,(anonymous_38)
DA:1,0
DA:2,0
DA:3,0
DA:4,0
DA:5,0
DA:6,0
DA:7,0
DA:8,0
DA:11,0
DA:12,0
DA:13,0
DA:14,0
DA:15,0
DA:16,0
DA:17,0
DA:18,0
DA:19,0
DA:20,0
DA:21,0
DA:22,0
DA:23,0
DA:24,0
DA:29,0
DA:35,0
DA:36,0
DA:37,0
DA:38,0
DA:40,0
DA:41,0
DA:42,0
DA:47,0
DA:48,0
DA:49,0
DA:50,0
DA:52,0
DA:56,0
DA:57,0
DA:59,0
DA:60,0
DA:63,0
DA:68,0
DA:71,0
DA:72,0
DA:73,0
DA:75,0
DA:77,0
DA:80,0
DA:82,0
DA:84,0
DA:88,0
DA:89,0
DA:90,0
DA:92,0
DA:93,0
DA:95,0
DA:96,0
DA:97,0
DA:100,0
DA:103,0
DA:109,0
DA:110,0
DA:112,0
DA:113,0
DA:115,0
DA:119,0
DA:120,0
DA:121,0
DA:124,0
DA:125,0
DA:126,0
DA:131,0
DA:134,0
DA:135,0
DA:136,0
DA:139,0
DA:140,0
DA:141,0
DA:143,0
DA:144,0
DA:146,0
DA:147,0
DA:150,0
DA:151,0
DA:156,0
DA:161,0
DA:162,0
DA:163,0
DA:165,0
DA:166,0
DA:168,0
DA:172,0
DA:173,0
DA:175,0
DA:176,0
DA:177,0
DA:180,0
DA:181,0
DA:182,0
DA:183,0
DA:186,0
DA:191,0
DA:192,0
DA:194,0
DA:198,0
DA:204,0
DA:232,0
DA:240,0
DA:261,0
DA:268,0
DA:275,0
DA:288,0
DA:302,0
DA:314,0
DA:324,0
DA:329,0
DA:340,0
DA:354,0
DA:366,0
DA:376,0
DA:381,0
DA:392,0
DA:403,0
DA:416,0
DA:425,0
LF:124
LH:0
BRDA:41,0,0,0
BRDA:41,0,1,0
BRDA:49,1,0,0
BRDA:49,1,1,0
BRDA:57,2,0,0
BRDA:57,2,1,0
BRDA:90,3,0,0
BRDA:90,3,1,0
BRDA:128,4,0,0
BRDA:128,4,1,0
BRDA:129,5,0,0
BRDA:129,5,1,0
BRDA:141,6,0,0
BRDA:141,6,1,0
BRDA:141,7,0,0
BRDA:141,7,1,0
BRDA:151,8,0,0
BRDA:151,8,1,0
BRDA:173,9,0,0
BRDA:173,9,1,0
BRDA:173,10,0,0
BRDA:173,10,1,0
BRDA:211,11,0,0
BRDA:211,11,1,0
BRDA:219,12,0,0
BRDA:219,12,1,0
BRDA:244,13,0,0
BRDA:244,13,1,0
BRDA:247,14,0,0
BRDA:247,14,1,0
BRDA:256,15,0,0
BRDA:256,15,1,0
BRDA:294,16,0,0
BRDA:294,16,1,0
BRDA:333,17,0,0
BRDA:333,17,1,0
BRDA:346,18,0,0
BRDA:346,18,1,0
BRDA:385,19,0,0
BRDA:385,19,1,0
BRDA:399,20,0,0
BRDA:399,20,1,0
BRDA:399,21,0,0
BRDA:399,21,1,0
BRDA:413,22,0,0
BRDA:413,22,1,0
BRF:46
BRH:0
end_of_record
TN:
SF:src\pages\HomePage.tsx
FN:6,(anonymous_0)
FNF:1
FNH:0
FNDA:0,(anonymous_0)
DA:3,0
DA:4,0
DA:6,0
DA:7,0
DA:9,0
DA:10,0
DA:57,0
DA:98,0
LF:8
LH:0
BRDA:9,0,0,0
BRDA:9,0,1,0
BRF:2
BRH:0
end_of_record
TN:
SF:src\pages\ItemDetailPage.tsx
FN:15,(anonymous_1)
FN:46,(anonymous_2)
FN:52,(anonymous_3)
FN:66,(anonymous_4)
FN:73,(anonymous_5)
FN:87,(anonymous_6)
FN:107,(anonymous_7)
FN:123,(anonymous_8)
FN:141,(anonymous_9)
FN:141,(anonymous_10)
FN:142,(anonymous_11)
FN:142,(anonymous_12)
FN:256,(anonymous_13)
FN:380,(anonymous_14)
FN:407,(anonymous_15)
FN:421,(anonymous_16)
FN:433,(anonymous_17)
FN:441,(anonymous_18)
FN:445,(anonymous_19)
FN:455,(anonymous_20)
FN:463,(anonymous_21)
FN:481,(anonymous_22)
FN:493,(anonymous_23)
FN:506,(anonymous_24)
FN:515,(anonymous_25)
FN:536,(anonymous_26)
FN:547,(anonymous_27)
FN:561,(anonymous_28)
FN:572,(anonymous_29)
FN:579,(anonymous_30)
FN:592,(anonymous_31)
FNF:31
FNH:0
FNDA:0,(anonymous_1)
FNDA:0,(anonymous_2)
FNDA:0,(anonymous_3)
FNDA:0,(anonymous_4)
FNDA:0,(anonymous_5)
FNDA:0,(anonymous_6)
FNDA:0,(anonymous_7)
FNDA:0,(anonymous_8)
FNDA:0,(anonymous_9)
FNDA:0,(anonymous_10)
FNDA:0,(anonymous_11)
FNDA:0,(anonymous_12)
FNDA:0,(anonymous_13)
FNDA:0,(anonymous_14)
FNDA:0,(anonymous_15)
FNDA:0,(anonymous_16)
FNDA:0,(anonymous_17)
FNDA:0,(anonymous_18)
FNDA:0,(anonymous_19)
FNDA:0,(anonymous_20)
FNDA:0,(anonymous_21)
FNDA:0,(anonymous_22)
FNDA:0,(anonymous_23)
FNDA:0,(anonymous_24)
FNDA:0,(anonymous_25)
FNDA:0,(anonymous_26)
FNDA:0,(anonymous_27)
FNDA:0,(anonymous_28)
FNDA:0,(anonymous_29)
FNDA:0,(anonymous_30)
FNDA:0,(anonymous_31)
DA:1,0
DA:2,0
DA:3,0
DA:4,0
DA:5,0
DA:6,0
DA:7,0
DA:8,0
DA:9,0
DA:10,0
DA:11,0
DA:12,0
DA:15,0
DA:16,0
DA:17,0
DA:18,0
DA:19,0
DA:20,0
DA:21,0
DA:22,0
DA:23,0
DA:24,0
DA:25,0
DA:26,0
DA:27,0
DA:43,0
DA:44,0
DA:46,0
DA:47,0
DA:48,0
DA:52,0
DA:53,0
DA:55,0
DA:56,0
DA:59,0
DA:66,0
DA:67,0
DA:68,0
DA:69,0
DA:70,0
DA:72,0
DA:73,0
DA:74,0
DA:77,0
DA:79,0
DA:81,0
DA:83,0
DA:87,0
DA:88,0
DA:89,0
DA:104,0
DA:107,0
DA:108,0
DA:109,0
DA:111,0
DA:112,0
DA:114,0
DA:115,0
DA:118,0
DA:119,0
DA:122,0
DA:123,0
DA:124,0
DA:127,0
DA:132,0
DA:134,0
DA:135,0
DA:137,0
DA:141,0
DA:142,0
DA:144,0
DA:145,0
DA:154,0
DA:155,0
DA:169,0
DA:170,0
DA:184,0
DA:257,0
DA:258,0
DA:259,0
DA:380,0
DA:407,0
DA:421,0
DA:433,0
DA:441,0
DA:446,0
DA:455,0
DA:463,0
DA:481,0
DA:493,0
DA:506,0
DA:515,0
DA:536,0
DA:547,0
DA:561,0
DA:572,0
DA:579,0
DA:592,0
DA:600,0
LF:99
LH:0
BRDA:47,0,0,0
BRDA:47,0,1,0
BRDA:47,1,0,0
BRDA:47,1,1,0
BRDA:53,2,0,0
BRDA:53,2,1,0
BRDA:53,3,0,0
BRDA:53,3,1,0
BRDA:67,4,0,0
BRDA:67,4,1,0
BRDA:72,5,0,0
BRDA:72,5,1,0
BRDA:74,6,0,0
BRDA:74,6,1,0
BRDA:88,7,0,0
BRDA:88,7,1,0
BRDA:91,8,0,0
BRDA:91,8,1,0
BRDA:93,9,0,0
BRDA:93,9,1,0
BRDA:99,10,0,0
BRDA:99,10,1,0
BRDA:100,11,0,0
BRDA:100,11,1,0
BRDA:101,12,0,0
BRDA:101,12,1,0
BRDA:102,13,0,0
BRDA:102,13,1,0
BRDA:109,14,0,0
BRDA:109,14,1,0
BRDA:109,15,0,0
BRDA:109,15,1,0
BRDA:122,16,0,0
BRDA:122,16,1,0
BRDA:124,17,0,0
BRDA:124,17,1,0
BRDA:144,18,0,0
BRDA:144,18,1,0
BRDA:154,19,0,0
BRDA:154,19,1,0
BRDA:169,20,0,0
BRDA:169,20,1,0
BRDA:201,21,0,0
BRDA:201,21,1,0
BRDA:224,22,0,0
BRDA:224,22,1,0
BRDA:228,23,0,0
BRDA:228,23,1,0
BRDA:233,24,0,0
BRDA:233,24,1,0
BRDA:242,25,0,0
BRDA:242,25,1,0
BRDA:245,26,0,0
BRDA:245,26,1,0
BRDA:251,27,0,0
BRDA:251,27,1,0
BRDA:251,27,2,0
BRDA:258,28,0,0
BRDA:258,28,1,0
BRDA:278,29,0,0
BRDA:278,29,1,0
BRDA:278,29,2,0
BRDA:278,29,3,0
BRDA:278,29,4,0
BRDA:278,29,5,0
BRDA:278,29,6,0
BRDA:278,29,7,0
BRDA:278,29,8,0
BRDA:283,30,0,0
BRDA:283,30,1,0
BRDA:283,30,2,0
BRDA:286,31,0,0
BRDA:286,31,1,0
BRDA:292,32,0,0
BRDA:292,32,1,0
BRDA:302,33,0,0
BRDA:302,33,1,0
BRDA:302,33,2,0
BRDA:305,34,0,0
BRDA:305,34,1,0
BRDA:311,35,0,0
BRDA:311,35,1,0
BRDA:321,36,0,0
BRDA:321,36,1,0
BRDA:321,36,2,0
BRDA:324,37,0,0
BRDA:324,37,1,0
BRDA:330,38,0,0
BRDA:330,38,1,0
BRDA:340,39,0,0
BRDA:340,39,1,0
BRDA:340,39,2,0
BRDA:343,40,0,0
BRDA:343,40,1,0
BRDA:349,41,0,0
BRDA:349,41,1,0
BRDA:364,42,0,0
BRDA:364,42,1,0
BRDA:364,42,2,0
BRDA:385,43,0,0
BRDA:385,43,1,0
BRDA:413,44,0,0
BRDA:413,44,1,0
BRDA:454,45,0,0
BRDA:454,45,1,0
BRDA:480,46,0,0
BRDA:480,46,1,0
BRDA:481,47,0,0
BRDA:481,47,1,0
BRDA:492,48,0,0
BRDA:492,48,1,0
BRDA:493,49,0,0
BRDA:493,49,1,0
BRDA:505,50,0,0
BRDA:505,50,1,0
BRDA:506,51,0,0
BRDA:506,51,1,0
BRDA:514,52,0,0
BRDA:514,52,1,0
BRDA:535,53,0,0
BRDA:535,53,1,0
BRDA:546,54,0,0
BRDA:546,54,1,0
BRDA:560,55,0,0
BRDA:560,55,1,0
BRDA:571,56,0,0
BRDA:571,56,1,0
BRDA:583,57,0,0
BRDA:583,57,1,0
BRF:129
BRH:0
end_of_record
TN:
SF:src\pages\ItemsPage.tsx
FN:14,(anonymous_1)
FN:47,(anonymous_2)
FN:53,(anonymous_3)
FN:79,(anonymous_4)
FN:80,(anonymous_5)
FN:84,(anonymous_6)
FN:89,(anonymous_7)
FN:94,(anonymous_8)
FN:114,(anonymous_9)
FN:125,(anonymous_10)
FN:125,(anonymous_11)
FN:146,(anonymous_12)
FN:151,(anonymous_13)
FN:151,(anonymous_14)
FN:165,(anonymous_15)
FN:165,(anonymous_16)
FN:166,(anonymous_17)
FN:166,(anonymous_18)
FN:235,(anonymous_19)
FN:269,(anonymous_20)
FN:301,(anonymous_21)
FN:308,(anonymous_22)
FN:315,(anonymous_23)
FN:328,(anonymous_24)
FN:342,(anonymous_25)
FN:354,(anonymous_26)
FN:362,(anonymous_27)
FN:366,(anonymous_28)
FN:376,(anonymous_29)
FN:384,(anonymous_30)
FN:402,(anonymous_31)
FN:414,(anonymous_32)
FN:427,(anonymous_33)
FN:436,(anonymous_34)
FN:457,(anonymous_35)
FN:468,(anonymous_36)
FN:482,(anonymous_37)
FN:493,(anonymous_38)
FN:500,(anonymous_39)
FN:511,(anonymous_40)
FN:522,(anonymous_41)
FN:535,(anonymous_42)
FNF:42
FNH:0
FNDA:0,(anonymous_1)
FNDA:0,(anonymous_2)
FNDA:0,(anonymous_3)
FNDA:0,(anonymous_4)
FNDA:0,(anonymous_5)
FNDA:0,(anonymous_6)
FNDA:0,(anonymous_7)
FNDA:0,(anonymous_8)
FNDA:0,(anonymous_9)
FNDA:0,(anonymous_10)
FNDA:0,(anonymous_11)
FNDA:0,(anonymous_12)
FNDA:0,(anonymous_13)
FNDA:0,(anonymous_14)
FNDA:0,(anonymous_15)
FNDA:0,(anonymous_16)
FNDA:0,(anonymous_17)
FNDA:0,(anonymous_18)
FNDA:0,(anonymous_19)
FNDA:0,(anonymous_20)
FNDA:0,(anonymous_21)
FNDA:0,(anonymous_22)
FNDA:0,(anonymous_23)
FNDA:0,(anonymous_24)
FNDA:0,(anonymous_25)
FNDA:0,(anonymous_26)
FNDA:0,(anonymous_27)
FNDA:0,(anonymous_28)
FNDA:0,(anonymous_29)
FNDA:0,(anonymous_30)
FNDA:0,(anonymous_31)
FNDA:0,(anonymous_32)
FNDA:0,(anonymous_33)
FNDA:0,(anonymous_34)
FNDA:0,(anonymous_35)
FNDA:0,(anonymous_36)
FNDA:0,(anonymous_37)
FNDA:0,(anonymous_38)
FNDA:0,(anonymous_39)
FNDA:0,(anonymous_40)
FNDA:0,(anonymous_41)
FNDA:0,(anonymous_42)
DA:1,0
DA:2,0
DA:3,0
DA:4,0
DA:5,0
DA:6,0
DA:7,0
DA:8,0
DA:9,0
DA:10,0
DA:11,0
DA:14,0
DA:15,0
DA:16,0
DA:17,0
DA:18,0
DA:19,0
DA:20,0
DA:21,0
DA:22,0
DA:23,0
DA:24,0
DA:25,0
DA:26,0
DA:27,0
DA:28,0
DA:44,0
DA:45,0
DA:47,0
DA:48,0
DA:49,0
DA:53,0
DA:54,0
DA:56,0
DA:57,0
DA:58,0
DA:64,0
DA:65,0
DA:66,0
DA:67,0
DA:68,0
DA:71,0
DA:73,0
DA:75,0
DA:79,0
DA:80,0
DA:81,0
DA:84,0
DA:85,0
DA:86,0
DA:89,0
DA:90,0
DA:91,0
DA:94,0
DA:95,0
DA:96,0
DA:111,0
DA:114,0
DA:115,0
DA:116,0
DA:118,0
DA:119,0
DA:121,0
DA:122,0
DA:125,0
DA:126,0
DA:131,0
DA:136,0
DA:137,0
DA:139,0
DA:140,0
DA:142,0
DA:146,0
DA:147,0
DA:149,0
DA:150,0
DA:151,0
DA:153,0
DA:158,0
DA:159,0
DA:161,0
DA:165,0
DA:166,0
DA:168,0
DA:236,0
DA:270,0
DA:271,0
DA:272,0
DA:301,0
DA:308,0
DA:315,0
DA:328,0
DA:342,0
DA:354,0
DA:362,0
DA:367,0
DA:376,0
DA:384,0
DA:402,0
DA:414,0
DA:427,0
DA:436,0
DA:457,0
DA:468,0
DA:482,0
DA:493,0
DA:500,0
DA:511,0
DA:522,0
DA:535,0
DA:544,0
LF:111
LH:0
BRDA:48,0,0,0
BRDA:48,0,1,0
BRDA:54,1,0,0
BRDA:54,1,1,0
BRDA:81,2,0,0
BRDA:81,2,1,0
BRDA:98,3,0,0
BRDA:98,3,1,0
BRDA:100,4,0,0
BRDA:100,4,1,0
BRDA:106,5,0,0
BRDA:106,5,1,0
BRDA:107,6,0,0
BRDA:107,6,1,0
BRDA:108,7,0,0
BRDA:108,7,1,0
BRDA:109,8,0,0
BRDA:109,8,1,0
BRDA:116,9,0,0
BRDA:116,9,1,0
BRDA:116,10,0,0
BRDA:116,10,1,0
BRDA:126,11,0,0
BRDA:126,11,1,0
BRDA:147,12,0,0
BRDA:147,12,1,0
BRDA:183,13,0,0
BRDA:183,13,1,0
BRDA:191,14,0,0
BRDA:191,14,1,0
BRDA:195,15,0,0
BRDA:195,15,1,0
BRDA:222,16,0,0
BRDA:222,16,1,0
BRDA:238,17,0,0
BRDA:238,17,1,0
BRDA:247,18,0,0
BRDA:247,18,1,0
BRDA:258,19,0,0
BRDA:258,19,1,0
BRDA:261,20,0,0
BRDA:261,20,1,0
BRDA:267,21,0,0
BRDA:267,21,1,0
BRDA:267,21,2,0
BRDA:271,22,0,0
BRDA:271,22,1,0
BRDA:334,23,0,0
BRDA:334,23,1,0
BRDA:375,24,0,0
BRDA:375,24,1,0
BRDA:401,25,0,0
BRDA:401,25,1,0
BRDA:402,26,0,0
BRDA:402,26,1,0
BRDA:413,27,0,0
BRDA:413,27,1,0
BRDA:414,28,0,0
BRDA:414,28,1,0
BRDA:426,29,0,0
BRDA:426,29,1,0
BRDA:427,30,0,0
BRDA:427,30,1,0
BRDA:435,31,0,0
BRDA:435,31,1,0
BRDA:456,32,0,0
BRDA:456,32,1,0
BRDA:467,33,0,0
BRDA:467,33,1,0
BRDA:481,34,0,0
BRDA:481,34,1,0
BRDA:492,35,0,0
BRDA:492,35,1,0
BRDA:504,36,0,0
BRDA:504,36,1,0
BRDA:532,37,0,0
BRDA:532,37,1,0
BRF:77
BRH:0
end_of_record
TN:
SF:src\pages\LoginPage.tsx
FN:8,(anonymous_0)
FN:24,(anonymous_1)
FN:41,(anonymous_2)
FN:64,(anonymous_3)
FN:78,(anonymous_4)
FN:89,(anonymous_5)
FN:125,(anonymous_6)
FN:136,(anonymous_7)
FNF:8
FNH:0
FNDA:0,(anonymous_0)
FNDA:0,(anonymous_1)
FNDA:0,(anonymous_2)
FNDA:0,(anonymous_3)
FNDA:0,(anonymous_4)
FNDA:0,(anonymous_5)
FNDA:0,(anonymous_6)
FNDA:0,(anonymous_7)
DA:2,0
DA:3,0
DA:4,0
DA:5,0
DA:6,0
DA:8,0
DA:9,0
DA:10,0
DA:11,0
DA:12,0
DA:13,0
DA:15,0
DA:16,0
DA:19,0
DA:20,0
DA:21,0
DA:24,0
DA:25,0
DA:26,0
DA:27,0
DA:29,0
DA:30,0
DA:32,0
DA:33,0
DA:34,0
DA:35,0
DA:38,0
DA:41,0
DA:42,0
DA:43,0
DA:45,0
DA:47,0
DA:48,0
DA:49,0
DA:50,0
DA:53,0
DA:56,0
DA:64,0
DA:78,0
DA:89,0
DA:125,0
DA:136,0
DA:169,0
LF:43
LH:0
BRDA:19,0,0,0
BRDA:19,0,1,0
BRDA:29,1,0,0
BRDA:29,1,1,0
BRDA:32,2,0,0
BRDA:32,2,1,0
BRDA:34,3,0,0
BRDA:34,3,1,0
BRDA:47,4,0,0
BRDA:47,4,1,0
BRDA:49,5,0,0
BRDA:49,5,1,0
BRDA:64,6,0,0
BRDA:64,6,1,0
BRDA:70,7,0,0
BRDA:70,7,1,0
BRDA:101,8,0,0
BRDA:101,8,1,0
BRDA:109,9,0,0
BRDA:109,9,1,0
BRDA:117,10,0,0
BRDA:117,10,1,0
BRDA:149,11,0,0
BRDA:149,11,1,0
BRDA:157,12,0,0
BRDA:157,12,1,0
BRF:26
BRH:0
end_of_record
TN:
SF:src\pages\SimpleLoginPage.tsx
FN:8,(anonymous_0)
FN:22,(anonymous_1)
FNF:2
FNH:0
FNDA:0,(anonymous_0)
FNDA:0,(anonymous_1)
DA:1,0
DA:2,0
DA:3,0
DA:4,0
DA:5,0
DA:6,0
DA:8,0
DA:9,0
DA:10,0
DA:12,0
DA:13,0
DA:14,0
DA:17,0
DA:18,0
DA:19,0
DA:22,0
DA:23,0
DA:24,0
DA:26,0
DA:28,0
DA:29,0
DA:30,0
DA:31,0
DA:32,0
DA:33,0
DA:36,0
DA:39,0
DA:87,0
LF:28
LH:0
BRDA:17,0,0,0
BRDA:17,0,1,0
BRDA:28,1,0,0
BRDA:28,1,1,0
BRDA:31,2,0,0
BRDA:31,2,1,0
BRDA:53,3,0,0
BRDA:53,3,1,0
BRDA:63,4,0,0
BRDA:63,4,1,0
BRF:10
BRH:0
end_of_record
TN:
SF:src\services\authService.ts
FN:18,(anonymous_0)
FN:38,(anonymous_1)
FN:47,(anonymous_2)
FN:56,(anonymous_3)
FN:65,(anonymous_4)
FN:69,(anonymous_5)
FN:70,(anonymous_6)
FNF:7
FNH:0
FNDA:0,(anonymous_0)
FNDA:0,(anonymous_1)
FNDA:0,(anonymous_2)
FNDA:0,(anonymous_3)
FNDA:0,(anonymous_4)
FNDA:0,(anonymous_5)
FNDA:0,(anonymous_6)
DA:1,0
DA:10,0
DA:13,0
DA:14,0
DA:18,0
DA:20,0
DA:21,0
DA:22,0
DA:27,0
DA:30,0
DA:31,0
DA:32,0
DA:34,0
DA:38,0
DA:39,0
DA:40,0
DA:41,0
DA:43,0
DA:47,0
DA:48,0
DA:49,0
DA:50,0
DA:52,0
DA:56,0
DA:57,0
DA:58,0
DA:59,0
DA:61,0
DA:65,0
DA:67,0
DA:69,0
DA:70,0
DA:73,0
LF:33
LH:0
BRDA:20,0,0,0
BRDA:20,0,1,0
BRDA:20,1,0,0
BRDA:20,1,1,0
BRDA:67,2,0,0
BRDA:67,2,1,0
BRDA:67,3,0,0
BRDA:67,3,1,0
BRF:8
BRH:0
end_of_record
TN:
SF:src\services\categoryService.ts
FN:65,(anonymous_0)
FN:93,(anonymous_1)
FN:125,(anonymous_2)
FN:140,(anonymous_3)
FN:154,(anonymous_4)
FN:163,(anonymous_5)
FN:185,(anonymous_6)
FN:201,(anonymous_7)
FN:202,(anonymous_8)
FN:206,(anonymous_9)
FN:207,(anonymous_10)
FN:211,(anonymous_11)
FN:214,(anonymous_12)
FN:215,(anonymous_13)
FN:225,(anonymous_14)
FN:229,(anonymous_15)
FNF:16
FNH:0
FNDA:0,(anonymous_0)
FNDA:0,(anonymous_1)
FNDA:0,(anonymous_2)
FNDA:0,(anonymous_3)
FNDA:0,(anonymous_4)
FNDA:0,(anonymous_5)
FNDA:0,(anonymous_6)
FNDA:0,(anonymous_7)
FNDA:0,(anonymous_8)
FNDA:0,(anonymous_9)
FNDA:0,(anonymous_10)
FNDA:0,(anonymous_11)
FNDA:0,(anonymous_12)
FNDA:0,(anonymous_13)
FNDA:0,(anonymous_14)
FNDA:0,(anonymous_15)
DA:1,0
DA:12,0
DA:15,0
DA:18,0
DA:65,0
DA:70,0
DA:71,0
DA:72,0
DA:73,0
DA:74,0
DA:85,0
DA:86,0
DA:89,0
DA:90,0
DA:92,0
DA:93,0
DA:94,0
DA:95,0
DA:99,0
DA:108,0
DA:110,0
DA:120,0
DA:121,0
DA:125,0
DA:127,0
DA:128,0
DA:129,0
DA:132,0
DA:133,0
DA:138,0
DA:140,0
DA:141,0
DA:142,0
DA:154,0
DA:156,0
DA:158,0
DA:159,0
DA:163,0
DA:168,0
DA:169,0
DA:170,0
DA:173,0
DA:174,0
DA:175,0
DA:180,0
DA:181,0
DA:185,0
DA:187,0
DA:188,0
DA:189,0
DA:192,0
DA:193,0
DA:195,0
DA:196,0
DA:201,0
DA:202,0
DA:206,0
DA:207,0
DA:211,0
DA:212,0
DA:214,0
DA:215,0
DA:221,0
DA:225,0
DA:229,0
DA:230,0
DA:231,0
DA:234,0
DA:236,0
DA:238,0
DA:239,0
DA:242,0
DA:243,0
DA:244,0
DA:248,0
DA:250,0
DA:254,0
DA:257,0
DA:258,0
DA:262,0
DA:267,0
DA:269,0
DA:270,0
LF:83
LH:0
BRDA:70,0,0,0
BRDA:70,0,1,0
BRDA:70,1,0,0
BRDA:70,1,1,0
BRDA:73,2,0,0
BRDA:73,2,1,0
BRDA:90,3,0,0
BRDA:90,3,1,0
BRDA:94,4,0,0
BRDA:94,4,1,0
BRDA:101,5,0,0
BRDA:101,5,1,0
BRDA:127,6,0,0
BRDA:127,6,1,0
BRDA:127,7,0,0
BRDA:127,7,1,0
BRDA:168,8,0,0
BRDA:168,8,1,0
BRDA:168,9,0,0
BRDA:168,9,1,0
BRDA:187,10,0,0
BRDA:187,10,1,0
BRDA:187,11,0,0
BRDA:187,11,1,0
BRDA:230,12,0,0
BRDA:230,12,1,0
BRDA:243,13,0,0
BRDA:243,13,1,0
BRF:28
BRH:0
end_of_record
TN:
SF:src\services\itemService.ts
FN:18,(anonymous_0)
FN:115,(anonymous_1)
FN:132,(anonymous_2)
FN:158,(anonymous_3)
FN:168,(anonymous_4)
FN:191,(anonymous_5)
FN:217,(anonymous_6)
FN:227,(anonymous_7)
FN:289,(anonymous_8)
FNF:9
FNH:0
FNDA:0,(anonymous_0)
FNDA:0,(anonymous_1)
FNDA:0,(anonymous_2)
FNDA:0,(anonymous_3)
FNDA:0,(anonymous_4)
FNDA:0,(anonymous_5)
FNDA:0,(anonymous_6)
FNDA:0,(anonymous_7)
FNDA:0,(anonymous_8)
DA:1,0
DA:12,0
DA:13,0
DA:16,0
DA:18,0
DA:23,0
DA:24,0
DA:28,0
DA:29,0
DA:32,0
DA:33,0
DA:56,0
DA:60,0
DA:61,0
DA:64,0
DA:65,0
DA:86,0
DA:88,0
DA:110,0
DA:111,0
DA:115,0
DA:117,0
DA:118,0
DA:119,0
DA:122,0
DA:124,0
DA:129,0
DA:132,0
DA:133,0
DA:134,0
DA:158,0
DA:160,0
DA:162,0
DA:164,0
DA:168,0
DA:170,0
DA:171,0
DA:172,0
DA:175,0
DA:177,0
DA:188,0
DA:191,0
DA:192,0
DA:193,0
DA:217,0
DA:219,0
DA:221,0
DA:223,0
DA:227,0
DA:232,0
DA:233,0
DA:234,0
DA:237,0
DA:238,0
DA:242,0
DA:247,0
DA:248,0
DA:249,0
DA:250,0
DA:253,0
DA:254,0
DA:256,0
DA:257,0
DA:259,0
DA:260,0
DA:262,0
DA:263,0
DA:265,0
DA:266,0
DA:268,0
DA:269,0
DA:271,0
DA:272,0
DA:274,0
DA:275,0
DA:279,0
DA:280,0
DA:282,0
DA:284,0
DA:285,0
DA:289,0
DA:291,0
DA:292,0
DA:293,0
DA:296,0
DA:297,0
DA:299,0
DA:300,0
LF:88
LH:0
BRDA:23,0,0,0
BRDA:23,0,1,0
BRDA:23,1,0,0
BRDA:23,1,1,0
BRDA:28,2,0,0
BRDA:28,2,1,0
BRDA:39,3,0,0
BRDA:39,3,1,0
BRDA:60,4,0,0
BRDA:60,4,1,0
BRDA:70,5,0,0
BRDA:70,5,1,0
BRDA:71,6,0,0
BRDA:71,6,1,0
BRDA:73,7,0,0
BRDA:73,7,1,0
BRDA:74,8,0,0
BRDA:74,8,1,0
BRDA:75,9,0,0
BRDA:75,9,1,0
BRDA:76,10,0,0
BRDA:76,10,1,0
BRDA:77,11,0,0
BRDA:77,11,1,0
BRDA:78,12,0,0
BRDA:78,12,1,0
BRDA:79,13,0,0
BRDA:79,13,1,0
BRDA:80,14,0,0
BRDA:80,14,1,0
BRDA:94,15,0,0
BRDA:94,15,1,0
BRDA:117,16,0,0
BRDA:117,16,1,0
BRDA:117,17,0,0
BRDA:117,17,1,0
BRDA:140,18,0,0
BRDA:140,18,1,0
BRDA:145,19,0,0
BRDA:145,19,1,0
BRDA:170,20,0,0
BRDA:170,20,1,0
BRDA:170,21,0,0
BRDA:170,21,1,0
BRDA:177,22,0,0
BRDA:177,22,1,0
BRDA:199,23,0,0
BRDA:199,23,1,0
BRDA:204,24,0,0
BRDA:204,24,1,0
BRDA:232,25,0,0
BRDA:232,25,1,0
BRDA:232,26,0,0
BRDA:232,26,1,0
BRDA:247,27,0,0
BRDA:247,27,1,0
BRDA:248,28,0,0
BRDA:248,28,1,0
BRDA:248,29,0,0
BRDA:248,29,1,0
BRDA:249,30,0,0
BRDA:249,30,1,0
BRDA:249,31,0,0
BRDA:249,31,1,0
BRDA:250,32,0,0
BRDA:250,32,1,0
BRDA:250,33,0,0
BRDA:250,33,1,0
BRDA:253,34,0,0
BRDA:253,34,1,0
BRDA:254,35,0,0
BRDA:254,35,1,0
BRDA:256,36,0,0
BRDA:256,36,1,0
BRDA:257,37,0,0
BRDA:257,37,1,0
BRDA:259,38,0,0
BRDA:259,38,1,0
BRDA:260,39,0,0
BRDA:260,39,1,0
BRDA:262,40,0,0
BRDA:262,40,1,0
BRDA:263,41,0,0
BRDA:263,41,1,0
BRDA:265,42,0,0
BRDA:265,42,1,0
BRDA:266,43,0,0
BRDA:266,43,1,0
BRDA:268,44,0,0
BRDA:268,44,1,0
BRDA:269,45,0,0
BRDA:269,45,1,0
BRDA:271,46,0,0
BRDA:271,46,1,0
BRDA:272,47,0,0
BRDA:272,47,1,0
BRDA:274,48,0,0
BRDA:274,48,1,0
BRDA:275,49,0,0
BRDA:275,49,1,0
BRDA:291,50,0,0
BRDA:291,50,1,0
BRDA:291,51,0,0
BRDA:291,51,1,0
BRF:104
BRH:0
end_of_record
TN:
SF:src\store\authStore.ts
FN:11,(anonymous_0)
FN:14,(anonymous_1)
FN:15,(anonymous_2)
FNF:3
FNH:0
FNDA:0,(anonymous_0)
FNDA:0,(anonymous_1)
FNDA:0,(anonymous_2)
DA:1,0
DA:11,0
DA:14,0
DA:15,0
LF:4
LH:0
BRF:0
BRH:0
end_of_record
TN:
SF:src\store\themeStore.ts
FN:14,(anonymous_0)
FN:18,(anonymous_1)
FN:24,(anonymous_2)
FN:29,(anonymous_3)
FN:39,(anonymous_4)
FN:43,(anonymous_5)
FN:43,(anonymous_6)
FN:56,(anonymous_7)
FN:67,(anonymous_8)
FN:73,(anonymous_9)
FN:79,(anonymous_10)
FNF:11
FNH:0
FNDA:0,(anonymous_0)
FNDA:0,(anonymous_1)
FNDA:0,(anonymous_2)
FNDA:0,(anonymous_3)
FNDA:0,(anonymous_4)
FNDA:0,(anonymous_5)
FNDA:0,(anonymous_6)
FNDA:0,(anonymous_7)
FNDA:0,(anonymous_8)
FNDA:0,(anonymous_9)
FNDA:0,(anonymous_10)
DA:1,0
DA:2,0
DA:12,0
DA:14,0
DA:19,0
DA:20,0
DA:21,0
DA:25,0
DA:26,0
DA:30,0
DA:32,0
DA:33,0
DA:39,0
DA:43,0
DA:45,0
DA:46,0
DA:47,0
DA:49,0
DA:56,0
DA:57,0
DA:58,0
DA:59,0
DA:61,0
DA:62,0
DA:67,0
DA:69,0
DA:70,0
DA:73,0
DA:74,0
DA:75,0
DA:79,0
DA:80,0
DA:81,0
DA:82,0
LF:34
LH:0
BRDA:32,0,0,0
BRDA:32,0,1,0
BRDA:45,1,0,0
BRDA:45,1,1,0
BRDA:57,2,0,0
BRDA:57,2,1,0
BRF:6
BRH:0
end_of_record
TN:
SF:src\utils\imageUtils.ts
FN:9,(anonymous_1)
FN:45,(anonymous_2)
FN:46,(anonymous_3)
FN:48,(anonymous_4)
FN:55,(anonymous_5)
FN:56,(anonymous_6)
FN:58,(anonymous_7)
FN:64,(anonymous_8)
FN:72,(anonymous_9)
FN:73,(anonymous_10)
FN:77,(anonymous_11)
FN:82,(anonymous_12)
FNF:12
FNH:0
FNDA:0,(anonymous_1)
FNDA:0,(anonymous_2)
FNDA:0,(anonymous_3)
FNDA:0,(anonymous_4)
FNDA:0,(anonymous_5)
FNDA:0,(anonymous_6)
FNDA:0,(anonymous_7)
FNDA:0,(anonymous_8)
FNDA:0,(anonymous_9)
FNDA:0,(anonymous_10)
FNDA:0,(anonymous_11)
FNDA:0,(anonymous_12)
DA:1,0
DA:9,0
DA:14,0
DA:16,0
DA:25,0
DA:26,0
DA:29,0
DA:30,0
DA:31,0
DA:33,0
DA:34,0
DA:37,0
DA:39,0
DA:40,0
DA:45,0
DA:46,0
DA:47,0
DA:48,0
DA:49,0
DA:51,0
DA:55,0
DA:56,0
DA:57,0
DA:58,0
DA:59,0
DA:60,0
DA:64,0
DA:68,0
DA:69,0
DA:72,0
DA:73,0
DA:74,0
DA:75,0
DA:77,0
DA:78,0
DA:79,0
DA:82,0
DA:83,0
DA:84,0
DA:87,0
LF:40
LH:0
BRDA:11,0,0,0
BRDA:20,1,0,0
BRDA:20,1,1,0
BRDA:21,2,0,0
BRDA:21,2,1,0
BRDA:31,3,0,0
BRDA:31,3,1,0
BRDA:33,4,0,0
BRDA:33,4,1,0
BRF:9
BRH:0
end_of_record
TN:
SF:src\utils\validation.ts
FN:8,(anonymous_0)
FN:20,(anonymous_1)
FN:32,(anonymous_2)
FN:44,(anonymous_3)
FN:56,(anonymous_4)
FN:68,(anonymous_5)
FN:80,(anonymous_6)
FN:92,(anonymous_7)
FN:104,(anonymous_8)
FNF:9
FNH:3
FNDA:11,(anonymous_0)
FNDA:6,(anonymous_1)
FNDA:6,(anonymous_2)
FNDA:0,(anonymous_3)
FNDA:0,(anonymous_4)
FNDA:0,(anonymous_5)
FNDA:0,(anonymous_6)
FNDA:0,(anonymous_7)
FNDA:0,(anonymous_8)
DA:8,1
DA:9,11
DA:10,1
DA:13,10
DA:14,10
DA:20,1
DA:21,6
DA:22,1
DA:25,5
DA:26,5
DA:32,1
DA:33,6
DA:34,1
DA:37,5
DA:38,5
DA:44,1
DA:45,0
DA:46,0
DA:50,0
DA:56,1
DA:57,0
DA:58,0
DA:61,0
DA:62,0
DA:68,1
DA:69,0
DA:70,0
DA:73,0
DA:74,0
DA:80,1
DA:81,0
DA:82,0
DA:85,0
DA:86,0
DA:92,1
DA:93,0
DA:94,0
DA:97,0
DA:98,0
DA:104,1
DA:105,0
DA:106,0
DA:109,0
DA:110,0
LF:44
LH:21
BRDA:9,0,0,1
BRDA:9,0,1,10
BRDA:9,1,0,11
BRDA:9,1,1,10
BRDA:21,2,0,1
BRDA:21,2,1,5
BRDA:21,3,0,6
BRDA:21,3,1,5
BRDA:26,4,0,5
BRDA:26,4,1,4
BRDA:33,5,0,1
BRDA:33,5,1,5
BRDA:33,6,0,6
BRDA:33,6,1,5
BRDA:38,7,0,5
BRDA:38,7,1,4
BRDA:45,8,0,0
BRDA:45,8,1,0
BRDA:45,9,0,0
BRDA:45,9,1,0
BRDA:50,10,0,0
BRDA:50,10,1,0
BRDA:50,10,2,0
BRDA:57,11,0,0
BRDA:57,11,1,0
BRDA:57,12,0,0
BRDA:57,12,1,0
BRDA:62,13,0,0
BRDA:62,13,1,0
BRDA:69,14,0,0
BRDA:69,14,1,0
BRDA:69,15,0,0
BRDA:69,15,1,0
BRDA:74,16,0,0
BRDA:74,16,1,0
BRDA:81,17,0,0
BRDA:81,17,1,0
BRDA:81,18,0,0
BRDA:81,18,1,0
BRDA:81,18,2,0
BRDA:85,19,0,0
BRDA:85,19,1,0
BRDA:86,20,0,0
BRDA:86,20,1,0
BRDA:92,21,0,0
BRDA:93,22,0,0
BRDA:93,22,1,0
BRDA:105,23,0,0
BRDA:105,23,1,0
BRF:49
BRH:16
end_of_record
